Redeploy UAV


 2025-05-11 22:25:07.878956



 2025-05-11 22:25:08.888468



 2025-05-11 22:25:09.898918



 2025-05-11 22:25:10.907891



 2025-05-11 22:25:11.925261



 2025-05-11 22:25:12.933178



 2025-05-11 22:25:13.942962




 2025-05-11 22:25:14.951124




 2025-05-11 22:25:15.959758



 2025-05-11 22:25:16.968182



 2025-05-11 22:25:17.975630



 2025-05-11 22:25:18.989566



 2025-05-11 22:25:19.997441



 2025-05-11 22:25:21.005638



 2025-05-11 22:25:22.013528



 2025-05-11 22:25:23.040515



 2025-05-11 22:25:24.050589


I am incrementing my buffer to 1
My new buffer count is 1


 2025-05-11 22:25:25.059755




 2025-05-11 22:25:26.066610



 2025-05-11 22:25:27.074651



 2025-05-11 22:25:28.088718



 2025-05-11 22:25:29.099914



 2025-05-11 22:25:30.110414




 2025-05-11 22:25:31.118649




 2025-05-11 22:25:32.126882



 2025-05-11 22:25:33.134971



 2025-05-11 22:25:34.151296



 2025-05-11 22:25:35.160060



 2025-05-11 22:25:36.167359



 2025-05-11 22:25:37.177187



 2025-05-11 22:25:38.189428




 2025-05-11 22:25:39.203715




 2025-05-11 22:25:40.212264




 2025-05-11 22:25:41.224057




 2025-05-11 22:25:42.230796



 2025-05-11 22:25:43.248357



 2025-05-11 22:25:44.258633



 2025-05-11 22:25:45.267737



 2025-05-11 22:25:46.275895



 2025-05-11 22:25:47.290286



 2025-05-11 22:25:48.299457



 2025-05-11 22:25:49.310920




 2025-05-11 22:25:50.319313




 2025-05-11 22:25:51.329902



 2025-05-11 22:25:52.339952



 2025-05-11 22:25:53.349337



 2025-05-11 22:25:54.362415



 2025-05-11 22:25:55.369525



 2025-05-11 22:25:56.376304



 2025-05-11 22:25:57.384115



 2025-05-11 22:25:58.391770



 2025-05-11 22:25:59.400707



 2025-05-11 22:26:00.419770



 2025-05-11 22:26:01.426869



 2025-05-11 22:26:02.436590



 2025-05-11 22:26:03.459718

vcmd[25129]: 22:26:04.139300 vcmd_ioerrorcb[vcmd_main.c:216]: i/o error
vcmd[25129]: 22:26:04.139856 vcmd_cmddonecb[vcmd_main.c:162]: unexpected termination status for command 0: 0xffffffff