Redeploy UAV
this node has the packet 1
the desitination of this packet is 4
node 1 has 16 packets
Node 1: distance to (600, 200) is 240.00, not updating
AdvertiseUDP (broadcast)
timestamp:  2025-05-11 22:39:45.428846
I receieved 1 16 4
Node 1: distance to (600, 200) is 160.00, not updating
AdvertiseUDP (broadcast)
timestamp:  2025-05-11 22:39:46.439501
I receieved 1 16 4
Node 1: distance to (600, 200) is 80.00, not updating
AdvertiseUDP (broadcast)
timestamp:  2025-05-11 22:39:47.449391
I receieved 1 16 4
Node 1: distance to (600, 200) is 16.00, not updating
AdvertiseUDP (broadcast)
timestamp:  2025-05-11 22:39:48.458626
I receieved 1 16 4
Node 1: reached (600, 200), setting next waypoint (1000, 200)
AdvertiseUDP (broadcast)
timestamp:  2025-05-11 22:39:49.471391
I receieved 1 16 4
Node 1: distance to (1000, 200) is 320.00, not updating
AdvertiseUDP (broadcast)
timestamp:  2025-05-11 22:39:50.480966
I receieved 1 16 4
Node 1: distance to (1000, 200) is 240.00, not updating
AdvertiseUDP (broadcast)
timestamp:  2025-05-11 22:39:51.490492
I receieved 1 16 4
I receieved 2 0 -1
I am decrementing my buffer to 8
My new buffer count is 8
Node 1: distance to (1000, 200) is 160.00, not updating
AdvertiseUDP (broadcast)
timestamp:  2025-05-11 22:39:52.500974
I receieved 1 8 4
I receieved 2 0 -1
I am decrementing my buffer to 4
My new buffer count is 4
Node 1: distance to (1000, 200) is 80.00, not updating
AdvertiseUDP (broadcast)
timestamp:  2025-05-11 22:39:53.514236
I receieved 1 4 4
Node 1: reached (1000, 200), setting next waypoint (1200, 400)
AdvertiseUDP (broadcast)
timestamp:  2025-05-11 22:39:54.535249
I receieved 1 4 4
Node 1: distance to (1200, 400) is 218.84, not updating
AdvertiseUDP (broadcast)
timestamp:  2025-05-11 22:39:55.544125
I receieved 1 4 4
Node 1: distance to (1200, 400) is 138.84, not updating
AdvertiseUDP (broadcast)
timestamp:  2025-05-11 22:39:56.551555
I receieved 1 4 4
Node 1: distance to (1200, 400) is 58.84, not updating
AdvertiseUDP (broadcast)
timestamp:  2025-05-11 22:39:57.559757
I receieved 1 4 4
Node 1: distance to (1200, 400) is 10.84, not updating
AdvertiseUDP (broadcast)
timestamp:  2025-05-11 22:39:58.567295
I receieved 1 4 4
Node 1: reached (1200, 400), setting next waypoint (1000, 700)
AdvertiseUDP (broadcast)
timestamp:  2025-05-11 22:39:59.584060
I receieved 1 4 4
Node 1: distance to (1000, 700) is 279.58, not updating
AdvertiseUDP (broadcast)
timestamp:  2025-05-11 22:40:00.593220
I receieved 1 4 4
Node 1: distance to (1000, 700) is 215.58, not updating
AdvertiseUDP (broadcast)
timestamp:  2025-05-11 22:40:01.607201
I receieved 1 4 4
I receieved 3 0 -1
I am decrementing my buffer to 2
My new buffer count is 2
Node 1: distance to (1000, 700) is 135.58, not updating
AdvertiseUDP (broadcast)
timestamp:  2025-05-11 22:40:02.615617
I receieved 1 2 4
I receieved 3 2 4
Node 1: distance to (1000, 700) is 55.58, not updating
AdvertiseUDP (broadcast)
timestamp:  2025-05-11 22:40:03.625054
I receieved 1 2 4
Node 1: reached (1000, 700), setting next waypoint (600, 700)
AdvertiseUDP (broadcast)
timestamp:  2025-05-11 22:40:04.640311
I receieved 1 2 4
Node 1: distance to (600, 700) is 324.34, not updating
AdvertiseUDP (broadcast)
timestamp:  2025-05-11 22:40:05.652626
I receieved 1 2 4
Node 1: distance to (600, 700) is 244.34, not updating
AdvertiseUDP (broadcast)
timestamp:  2025-05-11 22:40:06.662704
I receieved 1 2 4
Node 1: distance to (600, 700) is 180.34, not updating
AdvertiseUDP (broadcast)
timestamp:  2025-05-11 22:40:07.671348
I receieved 1 2 4
I receieved 2 2 4
Node 1: distance to (600, 700) is 100.34, not updating
AdvertiseUDP (broadcast)
timestamp:  2025-05-11 22:40:08.680103
I receieved 1 2 4
Node 1: distance to (600, 700) is 20.34, not updating
AdvertiseUDP (broadcast)
timestamp:  2025-05-11 22:40:09.687004
I receieved 1 2 4
Node 1: reached (600, 700), setting next waypoint (200, 700)
AdvertiseUDP (broadcast)
timestamp:  2025-05-11 22:40:10.700008
I receieved 1 2 4
Node 1: distance to (200, 700) is 324.34, not updating
AdvertiseUDP (broadcast)
timestamp:  2025-05-11 22:40:11.709168
I receieved 1 2 4
Node 1: distance to (200, 700) is 244.34, not updating
AdvertiseUDP (broadcast)
timestamp:  2025-05-11 22:40:12.721680
I receieved 1 2 4
Node 1: distance to (200, 700) is 180.34, not updating
AdvertiseUDP (broadcast)
timestamp:  2025-05-11 22:40:13.734044
I receieved 1 2 4
Node 1: distance to (200, 700) is 100.34, not updating
AdvertiseUDP (broadcast)
timestamp:  2025-05-11 22:40:14.743497
I receieved 1 2 4
Node 1: distance to (200, 700) is 20.34, not updating
AdvertiseUDP (broadcast)
timestamp:  2025-05-11 22:40:15.751798
I receieved 1 2 4
Node 1: reached (200, 700), setting next waypoint (350, 500)
AdvertiseUDP (broadcast)
timestamp:  2025-05-11 22:40:16.765265
I receieved 1 2 4
Node 1: distance to (350, 500) is 167.42, not updating
AdvertiseUDP (broadcast)
timestamp:  2025-05-11 22:40:17.774207
I receieved 1 2 4
Node 1: distance to (350, 500) is 103.42, not updating
AdvertiseUDP (broadcast)
timestamp:  2025-05-11 22:40:18.785034
I receieved 1 2 4
I receieved 3 2 4
Node 1: distance to (350, 500) is 23.42, not updating
AdvertiseUDP (broadcast)
timestamp:  2025-05-11 22:40:19.793935
I receieved 1 2 4
I receieved 3 2 4
Node 1: reached (350, 500), setting next waypoint (800, 600)
AdvertiseUDP (broadcast)
timestamp:  2025-05-11 22:40:20.806061
I receieved 1 2 4
I receieved 3 2 4
Node 1: distance to (800, 600) is 383.99, not updating
AdvertiseUDP (broadcast)
timestamp:  2025-05-11 22:40:21.816017
I receieved 1 2 4
Node 1: distance to (800, 600) is 319.99, not updating
AdvertiseUDP (broadcast)
timestamp:  2025-05-11 22:40:22.824714
I receieved 1 2 4
Node 1: distance to (800, 600) is 239.99, not updating
AdvertiseUDP (broadcast)
timestamp:  2025-05-11 22:40:23.834725
I receieved 1 2 4
Node 1: distance to (800, 600) is 159.99, not updating
AdvertiseUDP (broadcast)
timestamp:  2025-05-11 22:40:24.842307
I receieved 1 2 4
Node 1: distance to (800, 600) is 79.99, not updating
AdvertiseUDP (broadcast)
timestamp:  2025-05-11 22:40:25.856798
I receieved 1 2 4
I receieved 4 2 4
Node 1: reached (800, 600), setting next waypoint (600, 400)
AdvertiseUDP (broadcast)
timestamp:  2025-05-11 22:40:26.876539
I receieved 1 2 4
I receieved 4 2 4
Node 1: distance to (600, 400) is 218.85, not updating
AdvertiseUDP (broadcast)
timestamp:  2025-05-11 22:40:27.887624
I receieved 1 2 4
Node 1: distance to (600, 400) is 138.85, not updating
AdvertiseUDP (broadcast)
timestamp:  2025-05-11 22:40:28.895243
I receieved 1 2 4
Node 1: distance to (600, 400) is 58.85, not updating
AdvertiseUDP (broadcast)
timestamp:  2025-05-11 22:40:29.903139
I receieved 1 2 4
Node 1: distance to (600, 400) is 10.85, not updating
AdvertiseUDP (broadcast)
timestamp:  2025-05-11 22:40:30.909385
I receieved 1 2 4
Node 1: reached (600, 400), setting next waypoint (200, 200)
AdvertiseUDP (broadcast)
timestamp:  2025-05-11 22:40:31.923493
I receieved 1 2 4
Node 1: distance to (200, 200) is 362.33, not updating
AdvertiseUDP (broadcast)
timestamp:  2025-05-11 22:40:32.933505
I receieved 1 2 4
Node 1: distance to (200, 200) is 298.33, not updating
AdvertiseUDP (broadcast)
timestamp:  2025-05-11 22:40:33.945238
I receieved 1 2 4
Node 1: distance to (200, 200) is 218.33, not updating
AdvertiseUDP (broadcast)
timestamp:  2025-05-11 22:40:34.953144
I receieved 1 2 4
Node 1: distance to (200, 200) is 138.33, not updating
AdvertiseUDP (broadcast)
timestamp:  2025-05-11 22:40:35.959564
I receieved 1 2 4
Node 1: distance to (200, 200) is 58.33, not updating
AdvertiseUDP (broadcast)
timestamp:  2025-05-11 22:40:36.967828
I receieved 1 2 4
Node 1: distance to (200, 200) is 10.33, not updating
AdvertiseUDP (broadcast)
timestamp:  2025-05-11 22:40:37.976596
I receieved 1 2 4
Node 1: distance to (200, 200) is 10.33, not updating
AdvertiseUDP (broadcast)
timestamp:  2025-05-11 22:40:38.989328
I receieved 1 2 4
Node 1: reached (200, 200), setting next waypoint (600, 200)
AdvertiseUDP (broadcast)
timestamp:  2025-05-11 22:40:40.005850
I receieved 1 2 4
Node 1: distance to (600, 200) is 325.09, not updating
AdvertiseUDP (broadcast)
timestamp:  2025-05-11 22:40:41.014184
I receieved 1 2 4
Node 1: distance to (600, 200) is 245.09, not updating
AdvertiseUDP (broadcast)
timestamp:  2025-05-11 22:40:42.022253
I receieved 1 2 4
Node 1: distance to (600, 200) is 165.09, not updating
AdvertiseUDP (broadcast)
timestamp:  2025-05-11 22:40:43.035727
I receieved 1 2 4
Node 1: distance to (600, 200) is 101.09, not updating
AdvertiseUDP (broadcast)
timestamp:  2025-05-11 22:40:44.045162
I receieved 1 2 4
Node 1: distance to (600, 200) is 21.09, not updating
AdvertiseUDP (broadcast)
timestamp:  2025-05-11 22:40:45.054159
I receieved 1 2 4
Node 1: reached (600, 200), setting next waypoint (1000, 200)
AdvertiseUDP (broadcast)
timestamp:  2025-05-11 22:40:46.070396
I receieved 1 2 4
Node 1: distance to (1000, 200) is 357.09, not updating
AdvertiseUDP (broadcast)
timestamp:  2025-05-11 22:40:47.080387
I receieved 1 2 4
Node 1: distance to (1000, 200) is 357.09, not updating
AdvertiseUDP (broadcast)
timestamp:  2025-05-11 22:40:48.091435
Traceback (most recent call last):
  File "/home/ee597/uav/workingCode/encounter.py", line 318, in <module>
    main()
  File "/home/ee597/uav/workingCode/encounter.py", line 305, in main
    SprayAndWaitAdvert()
  File "/home/ee597/uav/workingCode/encounter.py", line 222, in SprayAndWaitAdvert
    AdvertiseUDP(uavnode.nodeid, uavnode.bufferCount, destination)
  File "/home/ee597/uav/workingCode/encounter.py", line 119, in AdvertiseUDP
    sk.sendto(buf.encode(encoding='utf-8',errors='strict'), ('255.255.255.255', port))
OSError: [Errno 101] Network is unreachable
vcmd[26174]: 22:40:48.496434 vcmd_ioerrorcb[vcmd_main.c:216]: i/o error
vcmd[26174]: 22:40:48.496950 vcmd_cmddonecb[vcmd_main.c:162]: unexpected termination status for command 0: 0xffffffff