Redeploy UAV
Node 4: distance to (1000, 800) is 206.00, not updating
AdvertiseUDP (broadcast)
timestamp:  2025-05-11 22:39:45.366159
I receieved 4 0 -1
Node 4: distance to (1000, 800) is 126.00, not updating
AdvertiseUDP (broadcast)
timestamp:  2025-05-11 22:39:46.375721
I receieved 4 0 -1
Node 4: distance to (1000, 800) is 46.00, not updating
AdvertiseUDP (broadcast)
timestamp:  2025-05-11 22:39:47.385088
I receieved 4 0 -1
Node 4: reached (1000, 800), setting next waypoint (600, 800)
AdvertiseUDP (broadcast)
timestamp:  2025-05-11 22:39:48.406130
I receieved 4 0 -1
Node 4: distance to (600, 800) is 318.00, not updating
AdvertiseUDP (broadcast)
timestamp:  2025-05-11 22:39:49.416427
I receieved 4 0 -1
Node 4: distance to (600, 800) is 238.00, not updating
AdvertiseUDP (broadcast)
timestamp:  2025-05-11 22:39:50.426497
I receieved 4 0 -1
Node 4: distance to (600, 800) is 158.00, not updating
AdvertiseUDP (broadcast)
timestamp:  2025-05-11 22:39:51.436551
I receieved 4 0 -1
I receieved 3 0 -1
Node 4: distance to (600, 800) is 94.00, not updating
AdvertiseUDP (broadcast)
timestamp:  2025-05-11 22:39:52.446609
I receieved 4 0 -1
I receieved 3 0 -1
Node 4: distance to (600, 800) is 14.00, not updating
AdvertiseUDP (broadcast)
timestamp:  2025-05-11 22:39:53.458851
I receieved 4 0 -1
Node 4: reached (600, 800), setting next waypoint (400, 600)
AdvertiseUDP (broadcast)
timestamp:  2025-05-11 22:39:54.476738
I receieved 4 0 -1
Node 4: distance to (400, 600) is 201.43, not updating
AdvertiseUDP (broadcast)
timestamp:  2025-05-11 22:39:55.484360
I receieved 4 0 -1
Node 4: distance to (400, 600) is 121.43, not updating
AdvertiseUDP (broadcast)
timestamp:  2025-05-11 22:39:56.493377
I receieved 4 0 -1
Node 4: distance to (400, 600) is 41.43, not updating
AdvertiseUDP (broadcast)
timestamp:  2025-05-11 22:39:57.504317
I receieved 4 0 -1
Node 4: reached (400, 600), setting next waypoint (600, 400)
AdvertiseUDP (broadcast)
timestamp:  2025-05-11 22:39:58.520803
I receieved 4 0 -1
Node 4: distance to (600, 400) is 218.89, not updating
AdvertiseUDP (broadcast)
timestamp:  2025-05-11 22:39:59.529937
I receieved 4 0 -1
I receieved 2 4 4
I am incrementing my buffer to 2
My new buffer count is 2
Node 4: distance to (600, 400) is 138.89, not updating
AdvertiseUDP (broadcast)
timestamp:  2025-05-11 22:40:00.543432
I receieved 4 2 4
I receieved 2 2 4
Node 4: distance to (600, 400) is 58.89, not updating
AdvertiseUDP (broadcast)
timestamp:  2025-05-11 22:40:01.556042
I receieved 4 2 4
Node 4: distance to (600, 400) is 10.89, not updating
AdvertiseUDP (broadcast)
timestamp:  2025-05-11 22:40:02.564616
I receieved 4 2 4
Node 4: distance to (600, 400) is 10.89, not updating
AdvertiseUDP (broadcast)
timestamp:  2025-05-11 22:40:03.573695
I receieved 4 2 4
Node 4: reached (600, 400), setting next waypoint (1000, 400)
AdvertiseUDP (broadcast)
timestamp:  2025-05-11 22:40:04.589129
I receieved 4 2 4
Node 4: distance to (1000, 400) is 316.32, not updating
AdvertiseUDP (broadcast)
timestamp:  2025-05-11 22:40:05.600070
I receieved 4 2 4
Node 4: distance to (1000, 400) is 236.32, not updating
AdvertiseUDP (broadcast)
timestamp:  2025-05-11 22:40:06.611638
I receieved 4 2 4
Node 4: distance to (1000, 400) is 156.32, not updating
AdvertiseUDP (broadcast)
timestamp:  2025-05-11 22:40:07.621731
I receieved 4 2 4
I receieved 3 2 4
Node 4: distance to (1000, 400) is 76.32, not updating
AdvertiseUDP (broadcast)
timestamp:  2025-05-11 22:40:08.632730
I receieved 4 2 4
I receieved 3 2 4
Node 4: reached (1000, 400), setting next waypoint (1350, 400)
AdvertiseUDP (broadcast)
timestamp:  2025-05-11 22:40:09.649519
I receieved 4 2 4
Node 4: distance to (1350, 400) is 266.32, not updating
AdvertiseUDP (broadcast)
timestamp:  2025-05-11 22:40:10.657383
I receieved 4 2 4
Node 4: distance to (1350, 400) is 202.32, not updating
AdvertiseUDP (broadcast)
timestamp:  2025-05-11 22:40:11.668101
I receieved 4 2 4
Node 4: distance to (1350, 400) is 122.32, not updating
AdvertiseUDP (broadcast)
timestamp:  2025-05-11 22:40:12.679452
I receieved 4 2 4
Node 4: distance to (1350, 400) is 42.32, not updating
AdvertiseUDP (broadcast)
timestamp:  2025-05-11 22:40:13.690748
I receieved 4 2 4
Node 4: reached (1350, 400), setting next waypoint (1200, 600)
AdvertiseUDP (broadcast)
timestamp:  2025-05-11 22:40:14.705900
I receieved 4 2 4
Node 4: distance to (1200, 600) is 173.45, not updating
AdvertiseUDP (broadcast)
timestamp:  2025-05-11 22:40:15.714667
I receieved 4 2 4
I receieved 2 2 4
Node 4: distance to (1200, 600) is 109.45, not updating
AdvertiseUDP (broadcast)
timestamp:  2025-05-11 22:40:16.728644
I receieved 4 2 4
I receieved 2 2 4
Node 4: distance to (1200, 600) is 29.45, not updating
AdvertiseUDP (broadcast)
timestamp:  2025-05-11 22:40:17.739256
I receieved 4 2 4
I receieved 2 2 4
Node 4: distance to (1200, 600) is 13.45, not updating
AdvertiseUDP (broadcast)
timestamp:  2025-05-11 22:40:18.747334
I receieved 4 2 4
Node 4: reached (1200, 600), setting next waypoint (800, 600)
AdvertiseUDP (broadcast)
timestamp:  2025-05-11 22:40:19.758683
I receieved 4 2 4
Node 4: distance to (800, 600) is 318.44, not updating
AdvertiseUDP (broadcast)
timestamp:  2025-05-11 22:40:20.768226
I receieved 4 2 4
Node 4: distance to (800, 600) is 254.44, not updating
AdvertiseUDP (broadcast)
timestamp:  2025-05-11 22:40:21.776040
I receieved 4 2 4
Node 4: distance to (800, 600) is 174.44, not updating
AdvertiseUDP (broadcast)
timestamp:  2025-05-11 22:40:22.784864
I receieved 4 2 4
Node 4: distance to (800, 600) is 94.44, not updating
AdvertiseUDP (broadcast)
timestamp:  2025-05-11 22:40:23.796738
I receieved 4 2 4
Node 4: distance to (800, 600) is 14.44, not updating
AdvertiseUDP (broadcast)
timestamp:  2025-05-11 22:40:24.806147
I receieved 4 2 4
Node 4: distance to (800, 600) is 14.44, not updating
AdvertiseUDP (broadcast)
timestamp:  2025-05-11 22:40:25.816742
I receieved 4 2 4
I receieved 1 2 4
Node 4: reached (800, 600), setting next waypoint (1000, 800)
AdvertiseUDP (broadcast)
timestamp:  2025-05-11 22:40:26.841694
I receieved 4 2 4
I receieved 1 2 4
Node 4: distance to (1000, 800) is 203.95, not updating
AdvertiseUDP (broadcast)
timestamp:  2025-05-11 22:40:27.852303
I receieved 4 2 4
I receieved 1 2 4
Node 4: distance to (1000, 800) is 123.95, not updating
AdvertiseUDP (broadcast)
timestamp:  2025-05-11 22:40:28.859306
I receieved 4 2 4
Node 4: distance to (1000, 800) is 43.95, not updating
AdvertiseUDP (broadcast)
timestamp:  2025-05-11 22:40:29.868715
I receieved 4 2 4
Node 4: reached (1000, 800), setting next waypoint (1350, 800)
AdvertiseUDP (broadcast)
timestamp:  2025-05-11 22:40:30.885370
I receieved 4 2 4
Node 4: distance to (1350, 800) is 267.14, not updating
AdvertiseUDP (broadcast)
timestamp:  2025-05-11 22:40:31.897165
I receieved 4 2 4
Node 4: distance to (1350, 800) is 203.14, not updating
AdvertiseUDP (broadcast)
timestamp:  2025-05-11 22:40:32.910922
I receieved 4 2 4
Node 4: distance to (1350, 800) is 123.14, not updating
AdvertiseUDP (broadcast)
timestamp:  2025-05-11 22:40:33.923049
I receieved 4 2 4
Node 4: distance to (1350, 800) is 43.14, not updating
AdvertiseUDP (broadcast)
timestamp:  2025-05-11 22:40:34.934492
I receieved 4 2 4
Node 4: reached (1350, 800), setting next waypoint (1000, 800)
AdvertiseUDP (broadcast)
timestamp:  2025-05-11 22:40:35.949289
I receieved 4 2 4
Node 4: distance to (1000, 800) is 274.86, not updating
AdvertiseUDP (broadcast)
timestamp:  2025-05-11 22:40:36.964250
I receieved 4 2 4
Node 4: distance to (1000, 800) is 194.86, not updating
AdvertiseUDP (broadcast)
timestamp:  2025-05-11 22:40:37.972854
I receieved 4 2 4
Node 4: distance to (1000, 800) is 130.86, not updating
AdvertiseUDP (broadcast)
timestamp:  2025-05-11 22:40:38.985805
I receieved 4 2 4
Node 4: distance to (1000, 800) is 50.86, not updating
AdvertiseUDP (broadcast)
timestamp:  2025-05-11 22:40:39.997788
I receieved 4 2 4
Node 4: reached (1000, 800), setting next waypoint (600, 800)
AdvertiseUDP (broadcast)
timestamp:  2025-05-11 22:40:41.013630
I receieved 4 2 4
Node 4: distance to (600, 800) is 322.86, not updating
AdvertiseUDP (broadcast)
timestamp:  2025-05-11 22:40:42.022545
I receieved 4 2 4
Node 4: distance to (600, 800) is 258.86, not updating
AdvertiseUDP (broadcast)
timestamp:  2025-05-11 22:40:43.033848
I receieved 4 2 4
I receieved 3 2 4
Node 4: distance to (600, 800) is 178.86, not updating
AdvertiseUDP (broadcast)
timestamp:  2025-05-11 22:40:44.044418
I receieved 4 2 4
I receieved 3 2 4
Node 4: distance to (600, 800) is 98.86, not updating
AdvertiseUDP (broadcast)
timestamp:  2025-05-11 22:40:45.054163
I receieved 4 2 4
Node 4: distance to (600, 800) is 18.86, not updating
AdvertiseUDP (broadcast)
timestamp:  2025-05-11 22:40:46.066843
I receieved 4 2 4
Node 4: reached (600, 800), setting next waypoint (400, 600)
AdvertiseUDP (broadcast)
timestamp:  2025-05-11 22:40:47.090465
I receieved 4 2 4
Node 4: distance to (400, 600) is 284.87, not updating
AdvertiseUDP (broadcast)
timestamp:  2025-05-11 22:40:48.103225
Traceback (most recent call last):
  File "/home/ee597/uav/workingCode/encounter.py", line 318, in <module>
    main()
  File "/home/ee597/uav/workingCode/encounter.py", line 305, in main
    SprayAndWaitAdvert()
  File "/home/ee597/uav/workingCode/encounter.py", line 222, in SprayAndWaitAdvert
    AdvertiseUDP(uavnode.nodeid, uavnode.bufferCount, destination)
  File "/home/ee597/uav/workingCode/encounter.py", line 119, in AdvertiseUDP
    sk.sendto(buf.encode(encoding='utf-8',errors='strict'), ('255.255.255.255', port))
OSError: [Errno 101] Network is unreachable
vcmd[26177]: 22:40:48.215323 vcmd_ioerrorcb[vcmd_main.c:216]: i/o error
vcmd[26177]: 22:40:48.216065 vcmd_cmddonecb[vcmd_main.c:162]: unexpected termination status for command 0: 0xffffffff