Redeploy UAV
this node has the packet 1
the desitination of this packet is 4
node 1 has 8 packets
Node 1: distance to (600, 200) is 240.00, not updating
AdvertiseUDP (broadcast)
timestamp:  2025-05-11 22:25:07.800427
I receieved 1 8 4
Node 1: distance to (600, 200) is 160.00, not updating
AdvertiseUDP (broadcast)
timestamp:  2025-05-11 22:25:08.812249
I receieved 1 8 4
Node 1: distance to (600, 200) is 80.00, not updating
AdvertiseUDP (broadcast)
timestamp:  2025-05-11 22:25:09.825707
I receieved 1 8 4
Node 1: reached (600, 200), setting next waypoint (1000, 200)
AdvertiseUDP (broadcast)
timestamp:  2025-05-11 22:25:10.838460
I receieved 1 8 4
Node 1: distance to (1000, 200) is 320.00, not updating
AdvertiseUDP (broadcast)
timestamp:  2025-05-11 22:25:11.847259
I receieved 1 8 4
Node 1: distance to (1000, 200) is 256.00, not updating
AdvertiseUDP (broadcast)
timestamp:  2025-05-11 22:25:12.858355
I receieved 1 8 4
I receieved 2 0 -1
I am decrementing my buffer to 4
My new buffer count is 4
Node 1: distance to (1000, 200) is 176.00, not updating
AdvertiseUDP (broadcast)
timestamp:  2025-05-11 22:25:13.876054
I receieved 1 4 4
I receieved 2 0 -1
I am decrementing my buffer to 2
My new buffer count is 2
Node 1: distance to (1000, 200) is 96.00, not updating
AdvertiseUDP (broadcast)
timestamp:  2025-05-11 22:25:14.886762
I receieved 1 2 4
Node 1: distance to (1000, 200) is 32.00, not updating
AdvertiseUDP (broadcast)
timestamp:  2025-05-11 22:25:15.896197
I receieved 1 2 4
Node 1: reached (1000, 200), setting next waypoint (1200, 400)
AdvertiseUDP (broadcast)
timestamp:  2025-05-11 22:25:16.909033
I receieved 1 2 4
Node 1: distance to (1200, 400) is 202.84, not updating
AdvertiseUDP (broadcast)
timestamp:  2025-05-11 22:25:17.917670
I receieved 1 2 4
Node 1: distance to (1200, 400) is 122.84, not updating
AdvertiseUDP (broadcast)
timestamp:  2025-05-11 22:25:18.928752
I receieved 1 2 4
Node 1: distance to (1200, 400) is 42.84, not updating
AdvertiseUDP (broadcast)
timestamp:  2025-05-11 22:25:19.938440
I receieved 1 2 4
Node 1: reached (1200, 400), setting next waypoint (1000, 700)
AdvertiseUDP (broadcast)
timestamp:  2025-05-11 22:25:20.951474
I receieved 1 2 4
Node 1: distance to (1000, 700) is 279.58, not updating
AdvertiseUDP (broadcast)
timestamp:  2025-05-11 22:25:21.962988
I receieved 1 2 4
Node 1: distance to (1000, 700) is 215.58, not updating
AdvertiseUDP (broadcast)
timestamp:  2025-05-11 22:25:22.975871
I receieved 1 2 4
Node 1: distance to (1000, 700) is 135.58, not updating
AdvertiseUDP (broadcast)
timestamp:  2025-05-11 22:25:23.985052
I receieved 1 2 4
I receieved 3 1 4
Node 1: distance to (1000, 700) is 71.58, not updating
AdvertiseUDP (broadcast)
timestamp:  2025-05-11 22:25:24.995797
I receieved 1 2 4
Node 1: reached (1000, 700), setting next waypoint (600, 700)
AdvertiseUDP (broadcast)
timestamp:  2025-05-11 22:25:26.010980
I receieved 1 2 4
Node 1: distance to (600, 700) is 315.29, not updating
AdvertiseUDP (broadcast)
timestamp:  2025-05-11 22:25:27.023216
I receieved 1 2 4
Node 1: distance to (600, 700) is 251.29, not updating
AdvertiseUDP (broadcast)
timestamp:  2025-05-11 22:25:28.033187
I receieved 1 2 4
I receieved 2 1 4
Node 1: distance to (600, 700) is 187.29, not updating
AdvertiseUDP (broadcast)
timestamp:  2025-05-11 22:25:29.047036
I receieved 1 2 4
I receieved 2 1 4
Node 1: distance to (600, 700) is 123.29, not updating
AdvertiseUDP (broadcast)
timestamp:  2025-05-11 22:25:30.057289
I receieved 1 2 4
Node 1: distance to (600, 700) is 43.29, not updating
AdvertiseUDP (broadcast)
timestamp:  2025-05-11 22:25:31.067438
I receieved 1 2 4
Node 1: reached (600, 700), setting next waypoint (200, 700)
AdvertiseUDP (broadcast)
timestamp:  2025-05-11 22:25:32.083335
I receieved 1 2 4
Node 1: distance to (200, 700) is 331.29, not updating
AdvertiseUDP (broadcast)
timestamp:  2025-05-11 22:25:33.095897
I receieved 1 2 4
Node 1: distance to (200, 700) is 251.29, not updating
AdvertiseUDP (broadcast)
timestamp:  2025-05-11 22:25:34.107631
I receieved 1 2 4
Node 1: distance to (200, 700) is 171.29, not updating
AdvertiseUDP (broadcast)
timestamp:  2025-05-11 22:25:35.118556
I receieved 1 2 4
Node 1: distance to (200, 700) is 91.29, not updating
AdvertiseUDP (broadcast)
timestamp:  2025-05-11 22:25:36.129596
I receieved 1 2 4
Node 1: distance to (200, 700) is 11.29, not updating
AdvertiseUDP (broadcast)
timestamp:  2025-05-11 22:25:37.141211
I receieved 1 2 4
Node 1: reached (200, 700), setting next waypoint (350, 500)
AdvertiseUDP (broadcast)
timestamp:  2025-05-11 22:25:38.157188
I receieved 1 2 4
Node 1: distance to (350, 500) is 188.85, not updating
AdvertiseUDP (broadcast)
timestamp:  2025-05-11 22:25:39.168148
I receieved 1 2 4
Node 1: distance to (350, 500) is 108.85, not updating
AdvertiseUDP (broadcast)
timestamp:  2025-05-11 22:25:40.178889
I receieved 1 2 4
Node 1: distance to (350, 500) is 28.85, not updating
AdvertiseUDP (broadcast)
timestamp:  2025-05-11 22:25:41.189897
I receieved 1 2 4
I receieved 3 1 4
Node 1: distance to (350, 500) is 12.85, not updating
AdvertiseUDP (broadcast)
timestamp:  2025-05-11 22:25:42.199519
I receieved 1 2 4
I receieved 3 1 4
Node 1: reached (350, 500), setting next waypoint (800, 600)
AdvertiseUDP (broadcast)
timestamp:  2025-05-11 22:25:43.213109
I receieved 1 2 4
I receieved 3 1 4
Node 1: distance to (800, 600) is 379.65, not updating
AdvertiseUDP (broadcast)
timestamp:  2025-05-11 22:25:44.226325
I receieved 1 2 4
Node 1: distance to (800, 600) is 315.65, not updating
AdvertiseUDP (broadcast)
timestamp:  2025-05-11 22:25:45.244806
I receieved 1 2 4
I receieved 3 1 4
Node 1: distance to (800, 600) is 235.65, not updating
AdvertiseUDP (broadcast)
timestamp:  2025-05-11 22:25:46.257907
I receieved 1 2 4
Node 1: distance to (800, 600) is 155.65, not updating
AdvertiseUDP (broadcast)
timestamp:  2025-05-11 22:25:47.270544
I receieved 1 2 4
Node 1: distance to (800, 600) is 75.65, not updating
AdvertiseUDP (broadcast)
timestamp:  2025-05-11 22:25:48.280924
I receieved 1 2 4
Node 1: reached (800, 600), setting next waypoint (600, 400)
AdvertiseUDP (broadcast)
timestamp:  2025-05-11 22:25:49.297805
I receieved 1 2 4
I receieved 4 1 4
Node 1: distance to (600, 400) is 206.54, not updating
AdvertiseUDP (broadcast)
timestamp:  2025-05-11 22:25:50.307116
I receieved 1 2 4
I receieved 4 1 4
Node 1: distance to (600, 400) is 126.54, not updating
AdvertiseUDP (broadcast)
timestamp:  2025-05-11 22:25:51.317030
I receieved 1 2 4
Node 1: distance to (600, 400) is 62.54, not updating
AdvertiseUDP (broadcast)
timestamp:  2025-05-11 22:25:52.328523
I receieved 1 2 4
Node 1: distance to (600, 400) is 14.54, not updating
AdvertiseUDP (broadcast)
timestamp:  2025-05-11 22:25:53.337241
I receieved 1 2 4
Node 1: reached (600, 400), setting next waypoint (200, 200)
AdvertiseUDP (broadcast)
timestamp:  2025-05-11 22:25:54.355729
I receieved 1 2 4
Node 1: distance to (200, 200) is 365.82, not updating
AdvertiseUDP (broadcast)
timestamp:  2025-05-11 22:25:55.364629
I receieved 1 2 4
Node 1: distance to (200, 200) is 285.82, not updating
AdvertiseUDP (broadcast)
timestamp:  2025-05-11 22:25:56.372611
I receieved 1 2 4
Node 1: distance to (200, 200) is 205.82, not updating
AdvertiseUDP (broadcast)
timestamp:  2025-05-11 22:25:57.381242
I receieved 1 2 4
Node 1: distance to (200, 200) is 125.82, not updating
AdvertiseUDP (broadcast)
timestamp:  2025-05-11 22:25:58.391490
I receieved 1 2 4
Node 1: distance to (200, 200) is 45.82, not updating
AdvertiseUDP (broadcast)
timestamp:  2025-05-11 22:25:59.400575
I receieved 1 2 4
Node 1: distance to (200, 200) is 13.82, not updating
AdvertiseUDP (broadcast)
timestamp:  2025-05-11 22:26:00.415979
I receieved 1 2 4
Node 1: reached (200, 200), setting next waypoint (600, 200)
AdvertiseUDP (broadcast)
timestamp:  2025-05-11 22:26:01.429557
I receieved 1 2 4
Node 1: distance to (600, 200) is 321.95, not updating
AdvertiseUDP (broadcast)
timestamp:  2025-05-11 22:26:02.437619
I receieved 1 2 4
Node 1: distance to (600, 200) is 305.95, not updating
AdvertiseUDP (broadcast)
timestamp:  2025-05-11 22:26:03.453191
I receieved 1 2 4
Node 1: distance to (600, 200) is 305.95, not updating
AdvertiseUDP (broadcast)
timestamp:  2025-05-11 22:26:04.468766
Traceback (most recent call last):
  File "/home/ee597/uav/workingCode/encounter.py", line 318, in <module>
    main()
  File "/home/ee597/uav/workingCode/encounter.py", line 305, in main
    SprayAndWaitAdvert()
  File "/home/ee597/uav/workingCode/encounter.py", line 222, in SprayAndWaitAdvert
    AdvertiseUDP(uavnode.nodeid, uavnode.bufferCount, destination)
  File "/home/ee597/uav/workingCode/encounter.py", line 119, in AdvertiseUDP
    sk.sendto(buf.encode(encoding='utf-8',errors='strict'), ('255.255.255.255', port))
OSError: [Errno 101] Network is unreachable
vcmd[25126]: 22:26:04.568222 vcmd_ioerrorcb[vcmd_main.c:216]: i/o error
vcmd[25126]: 22:26:04.568814 vcmd_cmddonecb[vcmd_main.c:162]: unexpected termination status for command 0: 0xffffffff