Redeploy UAV
Node 3: distance to (600, 800) is 224.00, not updating
AdvertiseUDP (broadcast)
timestamp:  2025-05-11 22:25:07.845463
I receieved 3 0 -1
Node 3: distance to (600, 800) is 144.00, not updating
AdvertiseUDP (broadcast)
timestamp:  2025-05-11 22:25:08.856166
I receieved 3 0 -1
Node 3: distance to (600, 800) is 64.00, not updating
AdvertiseUDP (broadcast)
timestamp:  2025-05-11 22:25:09.864703
I receieved 3 0 -1
Node 3: reached (600, 800), setting next waypoint (1000, 800)
AdvertiseUDP (broadcast)
timestamp:  2025-05-11 22:25:10.881417
I receieved 3 0 -1
Node 3: distance to (1000, 800) is 320.00, not updating
AdvertiseUDP (broadcast)
timestamp:  2025-05-11 22:25:11.890976
I receieved 3 0 -1
Node 3: distance to (1000, 800) is 256.00, not updating
AdvertiseUDP (broadcast)
timestamp:  2025-05-11 22:25:12.902243
I receieved 3 0 -1
Node 3: distance to (1000, 800) is 192.00, not updating
AdvertiseUDP (broadcast)
timestamp:  2025-05-11 22:25:13.913654
I receieved 3 0 -1
I receieved 4 0 -1
Node 3: distance to (1000, 800) is 112.00, not updating
AdvertiseUDP (broadcast)
timestamp:  2025-05-11 22:25:14.923347
I receieved 3 0 -1
Node 3: distance to (1000, 800) is 32.00, not updating
AdvertiseUDP (broadcast)
timestamp:  2025-05-11 22:25:15.935244
I receieved 3 0 -1
Node 3: reached (1000, 800), setting next waypoint (1200, 600)
AdvertiseUDP (broadcast)
timestamp:  2025-05-11 22:25:16.949207
I receieved 3 0 -1
Node 3: distance to (1200, 600) is 202.84, not updating
AdvertiseUDP (broadcast)
timestamp:  2025-05-11 22:25:17.958223
I receieved 3 0 -1
Node 3: distance to (1200, 600) is 122.84, not updating
AdvertiseUDP (broadcast)
timestamp:  2025-05-11 22:25:18.967660
I receieved 3 0 -1
Node 3: distance to (1200, 600) is 58.84, not updating
AdvertiseUDP (broadcast)
timestamp:  2025-05-11 22:25:19.976566
I receieved 3 0 -1
Node 3: distance to (1200, 600) is 10.84, not updating
AdvertiseUDP (broadcast)
timestamp:  2025-05-11 22:25:20.985995
I receieved 3 0 -1
Node 3: reached (1200, 600), setting next waypoint (1000, 400)
AdvertiseUDP (broadcast)
timestamp:  2025-05-11 22:25:21.999950
I receieved 3 0 -1
Node 3: distance to (1000, 400) is 202.89, not updating
AdvertiseUDP (broadcast)
timestamp:  2025-05-11 22:25:23.028816
I receieved 3 0 -1
I receieved 1 2 4
I am incrementing my buffer to 1
My new buffer count is 1
Node 3: distance to (1000, 400) is 122.89, not updating
AdvertiseUDP (broadcast)
timestamp:  2025-05-11 22:25:24.039287
I receieved 3 1 4
Node 3: distance to (1000, 400) is 58.89, not updating
AdvertiseUDP (broadcast)
timestamp:  2025-05-11 22:25:25.047495
I receieved 3 1 4
Node 3: reached (1000, 400), setting next waypoint (600, 400)
AdvertiseUDP (broadcast)
timestamp:  2025-05-11 22:25:26.059813
I receieved 3 1 4
Node 3: distance to (600, 400) is 316.34, not updating
AdvertiseUDP (broadcast)
timestamp:  2025-05-11 22:25:27.068315
I receieved 3 1 4
Node 3: distance to (600, 400) is 236.34, not updating
AdvertiseUDP (broadcast)
timestamp:  2025-05-11 22:25:28.076941
I receieved 3 1 4
Node 3: distance to (600, 400) is 172.34, not updating
AdvertiseUDP (broadcast)
timestamp:  2025-05-11 22:25:29.101297
I receieved 3 1 4
Node 3: distance to (600, 400) is 108.34, not updating
AdvertiseUDP (broadcast)
timestamp:  2025-05-11 22:25:30.110413
I receieved 3 1 4
Node 3: distance to (600, 400) is 28.34, not updating
AdvertiseUDP (broadcast)
timestamp:  2025-05-11 22:25:31.120984
I receieved 3 1 4
I receieved 4 1 4
Node 3: distance to (600, 400) is 12.34, not updating
AdvertiseUDP (broadcast)
timestamp:  2025-05-11 22:25:32.128167
I receieved 3 1 4
Node 3: reached (600, 400), setting next waypoint (200, 400)
AdvertiseUDP (broadcast)
timestamp:  2025-05-11 22:25:33.139696
I receieved 3 1 4
Node 3: distance to (200, 400) is 332.34, not updating
AdvertiseUDP (broadcast)
timestamp:  2025-05-11 22:25:34.151986
I receieved 3 1 4
Node 3: distance to (200, 400) is 252.34, not updating
AdvertiseUDP (broadcast)
timestamp:  2025-05-11 22:25:35.160061
I receieved 3 1 4
Node 3: distance to (200, 400) is 172.34, not updating
AdvertiseUDP (broadcast)
timestamp:  2025-05-11 22:25:36.169204
I receieved 3 1 4
Node 3: distance to (200, 400) is 92.34, not updating
AdvertiseUDP (broadcast)
timestamp:  2025-05-11 22:25:37.177167
I receieved 3 1 4
Node 3: distance to (200, 400) is 28.34, not updating
AdvertiseUDP (broadcast)
timestamp:  2025-05-11 22:25:38.187407
I receieved 3 1 4
Node 3: distance to (200, 400) is 12.34, not updating
AdvertiseUDP (broadcast)
timestamp:  2025-05-11 22:25:39.196355
I receieved 3 1 4
Node 3: reached (200, 400), setting next waypoint (350, 600)
AdvertiseUDP (broadcast)
timestamp:  2025-05-11 22:25:40.211302
I receieved 3 1 4
Node 3: distance to (350, 600) is 172.21, not updating
AdvertiseUDP (broadcast)
timestamp:  2025-05-11 22:25:41.221315
I receieved 3 1 4
Node 3: distance to (350, 600) is 92.21, not updating
AdvertiseUDP (broadcast)
timestamp:  2025-05-11 22:25:42.230620
I receieved 3 1 4
I receieved 1 2 4
Node 3: distance to (350, 600) is 12.21, not updating
AdvertiseUDP (broadcast)
timestamp:  2025-05-11 22:25:43.239654
I receieved 3 1 4
Node 3: distance to (350, 600) is 12.21, not updating
AdvertiseUDP (broadcast)
timestamp:  2025-05-11 22:25:44.248106
I receieved 3 1 4
I receieved 1 2 4
Node 3: reached (350, 600), setting next waypoint (600, 700)
AdvertiseUDP (broadcast)
timestamp:  2025-05-11 22:25:45.261042
I receieved 3 1 4
I receieved 1 2 4
Node 3: distance to (600, 700) is 186.01, not updating
AdvertiseUDP (broadcast)
timestamp:  2025-05-11 22:25:46.269845
I receieved 3 1 4
Node 3: distance to (600, 700) is 106.01, not updating
AdvertiseUDP (broadcast)
timestamp:  2025-05-11 22:25:47.278538
I receieved 3 1 4
Node 3: distance to (600, 700) is 26.01, not updating
AdvertiseUDP (broadcast)
timestamp:  2025-05-11 22:25:48.287391
I receieved 3 1 4
Node 3: distance to (600, 700) is 10.01, not updating
AdvertiseUDP (broadcast)
timestamp:  2025-05-11 22:25:49.295236
I receieved 3 1 4
Node 3: reached (600, 700), setting next waypoint (200, 800)
AdvertiseUDP (broadcast)
timestamp:  2025-05-11 22:25:50.309696
I receieved 3 1 4
Node 3: distance to (200, 800) is 353.21, not updating
AdvertiseUDP (broadcast)
timestamp:  2025-05-11 22:25:51.319118
I receieved 3 1 4
Node 3: distance to (200, 800) is 273.21, not updating
AdvertiseUDP (broadcast)
timestamp:  2025-05-11 22:25:52.328423
I receieved 3 1 4
Node 3: distance to (200, 800) is 193.21, not updating
AdvertiseUDP (broadcast)
timestamp:  2025-05-11 22:25:53.336901
I receieved 3 1 4
Node 3: distance to (200, 800) is 113.21, not updating
AdvertiseUDP (broadcast)
timestamp:  2025-05-11 22:25:54.348733
I receieved 3 1 4
Node 3: distance to (200, 800) is 33.21, not updating
AdvertiseUDP (broadcast)
timestamp:  2025-05-11 22:25:55.359004
I receieved 3 1 4
Node 3: distance to (200, 800) is 14.79, not updating
AdvertiseUDP (broadcast)
timestamp:  2025-05-11 22:25:56.368741
I receieved 3 1 4
Node 3: reached (200, 800), setting next waypoint (600, 800)
AdvertiseUDP (broadcast)
timestamp:  2025-05-11 22:25:57.381429
I receieved 3 1 4
Node 3: distance to (600, 800) is 318.83, not updating
AdvertiseUDP (broadcast)
timestamp:  2025-05-11 22:25:58.390636
I receieved 3 1 4
Node 3: distance to (600, 800) is 254.83, not updating
AdvertiseUDP (broadcast)
timestamp:  2025-05-11 22:25:59.400438
I receieved 3 1 4
Node 3: distance to (600, 800) is 174.83, not updating
AdvertiseUDP (broadcast)
timestamp:  2025-05-11 22:26:00.420830
I receieved 3 1 4
Node 3: distance to (600, 800) is 94.83, not updating
AdvertiseUDP (broadcast)
timestamp:  2025-05-11 22:26:01.429726
I receieved 3 1 4
Node 3: distance to (600, 800) is 14.83, not updating
AdvertiseUDP (broadcast)
timestamp:  2025-05-11 22:26:02.440407
I receieved 3 1 4
Node 3: reached (600, 800), setting next waypoint (1000, 800)
AdvertiseUDP (broadcast)
timestamp:  2025-05-11 22:26:03.474079
I receieved 3 1 4
vcmd[25128]: 22:26:04.098703 vcmd_ioerrorcb[vcmd_main.c:216]: i/o error
vcmd[25128]: 22:26:04.100459 vcmd_cmddonecb[vcmd_main.c:162]: unexpected termination status for command 0: 0xffffffff