Redeploy UAV
this node has the packet 1
the desitination of this packet is 4
node 1 has 4 packets
Node 1: distance to (600, 200) is 240.00, not updating
AdvertiseUDP (broadcast)
timestamp:  2025-05-11 22:18:01.370876
I receieved 1 4 4
Node 1: distance to (600, 200) is 160.00, not updating
AdvertiseUDP (broadcast)
timestamp:  2025-05-11 22:18:02.379643
I receieved 1 4 4
Node 1: distance to (600, 200) is 80.00, not updating
AdvertiseUDP (broadcast)
timestamp:  2025-05-11 22:18:03.387308
I receieved 1 4 4
Node 1: reached (600, 200), setting next waypoint (1000, 200)
AdvertiseUDP (broadcast)
timestamp:  2025-05-11 22:18:04.399384
I receieved 1 4 4
Node 1: distance to (1000, 200) is 320.00, not updating
AdvertiseUDP (broadcast)
timestamp:  2025-05-11 22:18:05.407764
I receieved 1 4 4
Node 1: distance to (1000, 200) is 256.00, not updating
AdvertiseUDP (broadcast)
timestamp:  2025-05-11 22:18:06.425745
I receieved 1 4 4
I receieved 2 0 -1
I am decrementing my buffer to 2
My new buffer count is 2
Node 1: distance to (1000, 200) is 176.00, not updating
AdvertiseUDP (broadcast)
timestamp:  2025-05-11 22:18:07.437754
I receieved 1 2 4
I receieved 2 2 4
Node 1: distance to (1000, 200) is 96.00, not updating
AdvertiseUDP (broadcast)
timestamp:  2025-05-11 22:18:08.447747
I receieved 1 2 4
Node 1: distance to (1000, 200) is 16.00, not updating
AdvertiseUDP (broadcast)
timestamp:  2025-05-11 22:18:09.460365
I receieved 1 2 4
Node 1: reached (1000, 200), setting next waypoint (1200, 400)
AdvertiseUDP (broadcast)
timestamp:  2025-05-11 22:18:10.474115
I receieved 1 2 4
Node 1: distance to (1200, 400) is 202.84, not updating
AdvertiseUDP (broadcast)
timestamp:  2025-05-11 22:18:11.482436
I receieved 1 2 4
Node 1: distance to (1200, 400) is 138.84, not updating
AdvertiseUDP (broadcast)
timestamp:  2025-05-11 22:18:12.501744
I receieved 1 2 4
Node 1: distance to (1200, 400) is 58.84, not updating
AdvertiseUDP (broadcast)
timestamp:  2025-05-11 22:18:13.513098
I receieved 1 2 4
Node 1: distance to (1200, 400) is 10.84, not updating
AdvertiseUDP (broadcast)
timestamp:  2025-05-11 22:18:14.523183
I receieved 1 2 4
Node 1: reached (1200, 400), setting next waypoint (1000, 700)
AdvertiseUDP (broadcast)
timestamp:  2025-05-11 22:18:15.537156
I receieved 1 2 4
Node 1: distance to (1000, 700) is 279.58, not updating
AdvertiseUDP (broadcast)
timestamp:  2025-05-11 22:18:16.553178
I receieved 1 2 4
I receieved 3 0 -1
I am decrementing my buffer to 1
My new buffer count is 1
Node 1: distance to (1000, 700) is 199.58, not updating
AdvertiseUDP (broadcast)
timestamp:  2025-05-11 22:18:17.566817
I receieved 1 1 4
I receieved 3 1 4
Node 1: distance to (1000, 700) is 135.58, not updating
AdvertiseUDP (broadcast)
timestamp:  2025-05-11 22:18:18.576812
I receieved 1 1 4
Node 1: distance to (1000, 700) is 55.58, not updating
AdvertiseUDP (broadcast)
timestamp:  2025-05-11 22:18:19.585987
I receieved 1 1 4
Node 1: reached (1000, 700), setting next waypoint (600, 700)
AdvertiseUDP (broadcast)
timestamp:  2025-05-11 22:18:20.599173
I receieved 1 1 4
Node 1: distance to (600, 700) is 324.34, not updating
AdvertiseUDP (broadcast)
timestamp:  2025-05-11 22:18:21.608850
I receieved 1 1 4
Node 1: distance to (600, 700) is 260.34, not updating
AdvertiseUDP (broadcast)
timestamp:  2025-05-11 22:18:22.620552
I receieved 1 1 4
Node 1: distance to (600, 700) is 180.34, not updating
AdvertiseUDP (broadcast)
timestamp:  2025-05-11 22:18:23.631029
I receieved 1 1 4
I receieved 2 1 4
Node 1: distance to (600, 700) is 100.34, not updating
AdvertiseUDP (broadcast)
timestamp:  2025-05-11 22:18:24.640297
I receieved 1 1 4
Node 1: distance to (600, 700) is 20.34, not updating
AdvertiseUDP (broadcast)
timestamp:  2025-05-11 22:18:25.654205
I receieved 1 1 4
Node 1: reached (600, 700), setting next waypoint (200, 700)
AdvertiseUDP (broadcast)
timestamp:  2025-05-11 22:18:26.670577
I receieved 1 1 4
Node 1: distance to (200, 700) is 324.34, not updating
AdvertiseUDP (broadcast)
timestamp:  2025-05-11 22:18:27.680073
I receieved 1 1 4
Node 1: distance to (200, 700) is 260.34, not updating
AdvertiseUDP (broadcast)
timestamp:  2025-05-11 22:18:28.690783
I receieved 1 1 4
Node 1: distance to (200, 700) is 180.34, not updating
AdvertiseUDP (broadcast)
timestamp:  2025-05-11 22:18:29.700114
I receieved 1 1 4
Node 1: distance to (200, 700) is 100.34, not updating
AdvertiseUDP (broadcast)
timestamp:  2025-05-11 22:18:30.709140
I receieved 1 1 4
Node 1: distance to (200, 700) is 20.34, not updating
AdvertiseUDP (broadcast)
timestamp:  2025-05-11 22:18:31.717685
I receieved 1 1 4
Node 1: reached (200, 700), setting next waypoint (350, 500)
AdvertiseUDP (broadcast)
timestamp:  2025-05-11 22:18:32.730901
I receieved 1 1 4
Node 1: distance to (350, 500) is 183.42, not updating
AdvertiseUDP (broadcast)
timestamp:  2025-05-11 22:18:33.793625
I receieved 1 1 4
Node 1: distance to (350, 500) is 103.42, not updating
AdvertiseUDP (broadcast)
timestamp:  2025-05-11 22:18:34.802269
I receieved 1 1 4
I receieved 3 1 4
Node 1: distance to (350, 500) is 23.42, not updating
AdvertiseUDP (broadcast)
timestamp:  2025-05-11 22:18:35.814269
I receieved 1 1 4
I receieved 3 1 4
Node 1: reached (350, 500), setting next waypoint (800, 600)
AdvertiseUDP (broadcast)
timestamp:  2025-05-11 22:18:36.829027
I receieved 1 1 4
I receieved 3 1 4
Node 1: distance to (800, 600) is 383.99, not updating
AdvertiseUDP (broadcast)
timestamp:  2025-05-11 22:18:37.840499
I receieved 1 1 4
I receieved 3 1 4
Node 1: distance to (800, 600) is 303.99, not updating
AdvertiseUDP (broadcast)
timestamp:  2025-05-11 22:18:38.848837
I receieved 1 1 4
I receieved 3 1 4
Node 1: distance to (800, 600) is 223.99, not updating
AdvertiseUDP (broadcast)
timestamp:  2025-05-11 22:18:39.860842
I receieved 1 1 4
I receieved 3 1 4
Node 1: distance to (800, 600) is 159.99, not updating
AdvertiseUDP (broadcast)
timestamp:  2025-05-11 22:18:40.871262
I receieved 1 1 4
I receieved 3 1 4
Node 1: distance to (800, 600) is 79.99, not updating
AdvertiseUDP (broadcast)
timestamp:  2025-05-11 22:18:41.880914
I receieved 1 1 4
Node 1: reached (800, 600), setting next waypoint (600, 400)
AdvertiseUDP (broadcast)
timestamp:  2025-05-11 22:18:42.897048
I receieved 1 1 4
Node 1: distance to (600, 400) is 202.85, not updating
AdvertiseUDP (broadcast)
timestamp:  2025-05-11 22:18:43.906120
I receieved 1 1 4
I receieved 4 1 4
Node 1: distance to (600, 400) is 122.85, not updating
AdvertiseUDP (broadcast)
timestamp:  2025-05-11 22:18:44.919638
I receieved 1 1 4
Node 1: distance to (600, 400) is 58.85, not updating
AdvertiseUDP (broadcast)
timestamp:  2025-05-11 22:18:45.927533
I receieved 1 1 4
Node 1: distance to (600, 400) is 10.85, not updating
AdvertiseUDP (broadcast)
timestamp:  2025-05-11 22:18:46.935987
I receieved 1 1 4
Node 1: reached (600, 400), setting next waypoint (200, 200)
AdvertiseUDP (broadcast)
timestamp:  2025-05-11 22:18:47.949211
I receieved 1 1 4
Node 1: distance to (200, 200) is 362.33, not updating
AdvertiseUDP (broadcast)
timestamp:  2025-05-11 22:18:48.962150
I receieved 1 1 4
Node 1: distance to (200, 200) is 282.33, not updating
AdvertiseUDP (broadcast)
timestamp:  2025-05-11 22:18:49.970598
I receieved 1 1 4
Node 1: distance to (200, 200) is 202.33, not updating
AdvertiseUDP (broadcast)
timestamp:  2025-05-11 22:18:50.978618
I receieved 1 1 4
Node 1: distance to (200, 200) is 122.33, not updating
AdvertiseUDP (broadcast)
timestamp:  2025-05-11 22:18:51.992078
I receieved 1 1 4
Node 1: distance to (200, 200) is 42.33, not updating
AdvertiseUDP (broadcast)
timestamp:  2025-05-11 22:18:53.002178
I receieved 1 1 4
Node 1: reached (200, 200), setting next waypoint (600, 200)
AdvertiseUDP (broadcast)
timestamp:  2025-05-11 22:18:54.028127
I receieved 1 1 4
Node 1: distance to (600, 200) is 341.09, not updating
AdvertiseUDP (broadcast)
timestamp:  2025-05-11 22:18:55.042818
I receieved 1 1 4
Node 1: distance to (600, 200) is 261.09, not updating
AdvertiseUDP (broadcast)
timestamp:  2025-05-11 22:18:56.053221
I receieved 1 1 4
Node 1: distance to (600, 200) is 181.09, not updating
AdvertiseUDP (broadcast)
timestamp:  2025-05-11 22:18:57.067324
I receieved 1 1 4
Node 1: distance to (600, 200) is 101.09, not updating
AdvertiseUDP (broadcast)
timestamp:  2025-05-11 22:18:58.083684
I receieved 1 1 4
Node 1: distance to (600, 200) is 53.09, not updating
AdvertiseUDP (broadcast)
timestamp:  2025-05-11 22:18:59.129807
I receieved 1 1 4
Node 1: distance to (600, 200) is 53.09, not updating
AdvertiseUDP (broadcast)
timestamp:  2025-05-11 22:19:00.192599
I receieved 1 1 4
Node 1: distance to (600, 200) is 53.09, not updating
AdvertiseUDP (broadcast)
timestamp:  2025-05-11 22:19:01.221630
Traceback (most recent call last):
  File "/home/ee597/uav/workingCode/encounter.py", line 318, in <module>
    main()
  File "/home/ee597/uav/workingCode/encounter.py", line 305, in main
    SprayAndWaitAdvert()
  File "/home/ee597/uav/workingCode/encounter.py", line 222, in SprayAndWaitAdvert
    AdvertiseUDP(uavnode.nodeid, uavnode.bufferCount, destination)
  File "/home/ee597/uav/workingCode/encounter.py", line 119, in AdvertiseUDP
    sk.sendto(buf.encode(encoding='utf-8',errors='strict'), ('255.255.255.255', port))
OSError: [Errno 101] Network is unreachable
vcmd[24038]: 22:19:01.485843 vcmd_ioerrorcb[vcmd_main.c:216]: i/o error
vcmd[24038]: 22:19:01.486511 vcmd_cmddonecb[vcmd_main.c:162]: unexpected termination status for command 0: 0xffffffff