Redeploy UAV
Node 2: distance to (1000, 200) is 158.00, not updating
AdvertiseUDP (broadcast)
timestamp:  2025-05-11 22:18:01.449876
I receieved 2 0 -1
Node 2: distance to (1000, 200) is 78.00, not updating
AdvertiseUDP (broadcast)
timestamp:  2025-05-11 22:18:02.461034
I receieved 2 0 -1
Node 2: distance to (1000, 200) is 14.00, not updating
AdvertiseUDP (broadcast)
timestamp:  2025-05-11 22:18:03.480358
I receieved 2 0 -1
Node 2: reached (1000, 200), setting next waypoint (600, 200)
AdvertiseUDP (broadcast)
timestamp:  2025-05-11 22:18:04.492418
I receieved 2 0 -1
Node 2: distance to (600, 200) is 318.00, not updating
AdvertiseUDP (broadcast)
timestamp:  2025-05-11 22:18:05.501066
I receieved 2 0 -1
Node 2: distance to (600, 200) is 238.00, not updating
AdvertiseUDP (broadcast)
timestamp:  2025-05-11 22:18:06.509845
I receieved 2 0 -1
I receieved 1 4 4
I am incrementing my buffer to 2
My new buffer count is 2
Node 2: distance to (600, 200) is 174.00, not updating
AdvertiseUDP (broadcast)
timestamp:  2025-05-11 22:18:07.526651
I receieved 2 2 4
I receieved 1 2 4
Node 2: distance to (600, 200) is 94.00, not updating
AdvertiseUDP (broadcast)
timestamp:  2025-05-11 22:18:08.538847
I receieved 2 2 4
Node 2: distance to (600, 200) is 14.00, not updating
AdvertiseUDP (broadcast)
timestamp:  2025-05-11 22:18:09.554076
I receieved 2 2 4
Node 2: reached (600, 200), setting next waypoint (400, 400)
AdvertiseUDP (broadcast)
timestamp:  2025-05-11 22:18:10.569220
I receieved 2 2 4
Node 2: distance to (400, 400) is 201.43, not updating
AdvertiseUDP (broadcast)
timestamp:  2025-05-11 22:18:11.645224
I receieved 2 2 4
Node 2: distance to (400, 400) is 121.43, not updating
AdvertiseUDP (broadcast)
timestamp:  2025-05-11 22:18:12.659892
I receieved 2 2 4
Node 2: distance to (400, 400) is 41.43, not updating
AdvertiseUDP (broadcast)
timestamp:  2025-05-11 22:18:13.670469
I receieved 2 2 4
Node 2: reached (400, 400), setting next waypoint (600, 600)
AdvertiseUDP (broadcast)
timestamp:  2025-05-11 22:18:14.683926
I receieved 2 2 4
Node 2: distance to (600, 600) is 202.89, not updating
AdvertiseUDP (broadcast)
timestamp:  2025-05-11 22:18:15.691558
I receieved 2 2 4
Node 2: distance to (600, 600) is 138.89, not updating
AdvertiseUDP (broadcast)
timestamp:  2025-05-11 22:18:16.704486
I receieved 2 2 4
I receieved 4 0 -1
I am decrementing my buffer to 1
My new buffer count is 1
Node 2: distance to (600, 600) is 58.89, not updating
AdvertiseUDP (broadcast)
timestamp:  2025-05-11 22:18:17.714250
I receieved 2 1 4
I receieved 4 1 4
Node 2: distance to (600, 600) is 10.89, not updating
AdvertiseUDP (broadcast)
timestamp:  2025-05-11 22:18:18.723198
I receieved 2 1 4
I receieved 4 1 4
Node 2: reached (600, 600), setting next waypoint (1000, 600)
AdvertiseUDP (broadcast)
timestamp:  2025-05-11 22:18:19.736008
I receieved 2 1 4
Node 2: distance to (1000, 600) is 316.32, not updating
AdvertiseUDP (broadcast)
timestamp:  2025-05-11 22:18:20.746446
I receieved 2 1 4
Node 2: distance to (1000, 600) is 236.32, not updating
AdvertiseUDP (broadcast)
timestamp:  2025-05-11 22:18:21.755536
I receieved 2 1 4
Node 2: distance to (1000, 600) is 188.32, not updating
AdvertiseUDP (broadcast)
timestamp:  2025-05-11 22:18:22.767072
I receieved 2 1 4
Node 2: distance to (1000, 600) is 108.32, not updating
AdvertiseUDP (broadcast)
timestamp:  2025-05-11 22:18:23.778609
I receieved 2 1 4
I receieved 1 1 4
Node 2: distance to (1000, 600) is 28.32, not updating
AdvertiseUDP (broadcast)
timestamp:  2025-05-11 22:18:24.788372
I receieved 2 1 4
Node 2: distance to (1000, 600) is 12.32, not updating
AdvertiseUDP (broadcast)
timestamp:  2025-05-11 22:18:25.797084
I receieved 2 1 4
Node 2: distance to (1000, 600) is 12.32, not updating
AdvertiseUDP (broadcast)
timestamp:  2025-05-11 22:18:26.807580
I receieved 2 1 4
Node 2: reached (1000, 600), setting next waypoint (1350, 600)
AdvertiseUDP (broadcast)
timestamp:  2025-05-11 22:18:27.820555
I receieved 2 1 4
Node 2: distance to (1350, 600) is 266.32, not updating
AdvertiseUDP (broadcast)
timestamp:  2025-05-11 22:18:28.827742
I receieved 2 1 4
Node 2: distance to (1350, 600) is 186.32, not updating
AdvertiseUDP (broadcast)
timestamp:  2025-05-11 22:18:29.836319
I receieved 2 1 4
Node 2: distance to (1350, 600) is 106.32, not updating
AdvertiseUDP (broadcast)
timestamp:  2025-05-11 22:18:30.845526
I receieved 2 1 4
Node 2: distance to (1350, 600) is 26.32, not updating
AdvertiseUDP (broadcast)
timestamp:  2025-05-11 22:18:31.853750
I receieved 2 1 4
Node 2: distance to (1350, 600) is 10.32, not updating
AdvertiseUDP (broadcast)
timestamp:  2025-05-11 22:18:32.864185
I receieved 2 1 4
Node 2: distance to (1350, 600) is 10.32, not updating
AdvertiseUDP (broadcast)
timestamp:  2025-05-11 22:18:33.875532
I receieved 2 1 4
I receieved 4 1 4
Node 2: reached (1350, 600), setting next waypoint (1200, 400)
AdvertiseUDP (broadcast)
timestamp:  2025-05-11 22:18:34.891101
I receieved 2 1 4
I receieved 4 1 4
Node 2: distance to (1200, 400) is 173.45, not updating
AdvertiseUDP (broadcast)
timestamp:  2025-05-11 22:18:35.900118
I receieved 2 1 4
I receieved 4 1 4
Node 2: distance to (1200, 400) is 109.45, not updating
AdvertiseUDP (broadcast)
timestamp:  2025-05-11 22:18:36.909433
I receieved 2 1 4
I receieved 4 1 4
Node 2: distance to (1200, 400) is 29.45, not updating
AdvertiseUDP (broadcast)
timestamp:  2025-05-11 22:18:37.916373
I receieved 2 1 4
Node 2: distance to (1200, 400) is 13.45, not updating
AdvertiseUDP (broadcast)
timestamp:  2025-05-11 22:18:38.924607
I receieved 2 1 4
Node 2: reached (1200, 400), setting next waypoint (1000, 200)
AdvertiseUDP (broadcast)
timestamp:  2025-05-11 22:18:39.938879
I receieved 2 1 4
Node 2: distance to (1000, 200) is 200.31, not updating
AdvertiseUDP (broadcast)
timestamp:  2025-05-11 22:18:40.948773
I receieved 2 1 4
Node 2: distance to (1000, 200) is 120.31, not updating
AdvertiseUDP (broadcast)
timestamp:  2025-05-11 22:18:41.956935
I receieved 2 1 4
Node 2: distance to (1000, 200) is 40.31, not updating
AdvertiseUDP (broadcast)
timestamp:  2025-05-11 22:18:42.965549
I receieved 2 1 4
Node 2: reached (1000, 200), setting next waypoint (1350, 200)
AdvertiseUDP (broadcast)
timestamp:  2025-05-11 22:18:43.981040
I receieved 2 1 4
Node 2: distance to (1350, 200) is 264.16, not updating
AdvertiseUDP (broadcast)
timestamp:  2025-05-11 22:18:44.988664
I receieved 2 1 4
Node 2: distance to (1350, 200) is 184.16, not updating
AdvertiseUDP (broadcast)
timestamp:  2025-05-11 22:18:45.995889
I receieved 2 1 4
Node 2: distance to (1350, 200) is 104.16, not updating
AdvertiseUDP (broadcast)
timestamp:  2025-05-11 22:18:47.004087
I receieved 2 1 4
Node 2: distance to (1350, 200) is 24.16, not updating
AdvertiseUDP (broadcast)
timestamp:  2025-05-11 22:18:48.012258
I receieved 2 1 4
Node 2: reached (1350, 200), setting next waypoint (1000, 200)
AdvertiseUDP (broadcast)
timestamp:  2025-05-11 22:18:49.027082
I receieved 2 1 4
Node 2: distance to (1000, 200) is 261.84, not updating
AdvertiseUDP (broadcast)
timestamp:  2025-05-11 22:18:50.043469
I receieved 2 1 4
Node 2: distance to (1000, 200) is 181.84, not updating
AdvertiseUDP (broadcast)
timestamp:  2025-05-11 22:18:51.053414
I receieved 2 1 4
Node 2: distance to (1000, 200) is 101.84, not updating
AdvertiseUDP (broadcast)
timestamp:  2025-05-11 22:18:52.062731
I receieved 2 1 4
Node 2: distance to (1000, 200) is 37.84, not updating
AdvertiseUDP (broadcast)
timestamp:  2025-05-11 22:18:53.072739
I receieved 2 1 4
Node 2: distance to (1000, 200) is 10.16, not updating
AdvertiseUDP (broadcast)
timestamp:  2025-05-11 22:18:54.086823
I receieved 2 1 4
Node 2: reached (1000, 200), setting next waypoint (600, 200)
AdvertiseUDP (broadcast)
timestamp:  2025-05-11 22:18:55.101370
I receieved 2 1 4
Node 2: distance to (600, 200) is 325.84, not updating
AdvertiseUDP (broadcast)
timestamp:  2025-05-11 22:18:56.116542
I receieved 2 1 4
Node 2: distance to (600, 200) is 245.84, not updating
AdvertiseUDP (broadcast)
timestamp:  2025-05-11 22:18:57.128759
I receieved 2 1 4
Node 2: distance to (600, 200) is 165.84, not updating
AdvertiseUDP (broadcast)
timestamp:  2025-05-11 22:18:58.145088
I receieved 2 1 4
Node 2: distance to (600, 200) is 133.84, not updating
AdvertiseUDP (broadcast)
timestamp:  2025-05-11 22:18:59.166314
I receieved 2 1 4
Node 2: distance to (600, 200) is 133.84, not updating
AdvertiseUDP (broadcast)
timestamp:  2025-05-11 22:19:00.222607
Traceback (most recent call last):
  File "/home/ee597/uav/workingCode/encounter.py", line 318, in <module>
    main()
  File "/home/ee597/uav/workingCode/encounter.py", line 305, in main
    SprayAndWaitAdvert()
  File "/home/ee597/uav/workingCode/encounter.py", line 222, in SprayAndWaitAdvert
    AdvertiseUDP(uavnode.nodeid, uavnode.bufferCount, destination)
  File "/home/ee597/uav/workingCode/encounter.py", line 119, in AdvertiseUDP
    sk.sendto(buf.encode(encoding='utf-8',errors='strict'), ('255.255.255.255', port))
OSError: [Errno 101] Network is unreachable
vcmd[24039]: 22:19:01.187727 vcmd_ioerrorcb[vcmd_main.c:216]: i/o error
vcmd[24039]: 22:19:01.196370 vcmd_cmddonecb[vcmd_main.c:162]: unexpected termination status for command 0: 0xffffffff