Redeploy UAV
Node 3: distance to (600, 800) is 240.00, not updating
AdvertiseUDP (broadcast)
timestamp:  2025-05-11 22:07:44.775601
I receieved 3 0 -1
Node 3: distance to (600, 800) is 176.00, not updating
AdvertiseUDP (broadcast)
timestamp:  2025-05-11 22:07:45.784054
I receieved 3 0 -1
Node 3: distance to (600, 800) is 96.00, not updating
AdvertiseUDP (broadcast)
timestamp:  2025-05-11 22:07:46.791068
I receieved 3 0 -1
Node 3: distance to (600, 800) is 16.00, not updating
AdvertiseUDP (broadcast)
timestamp:  2025-05-11 22:07:47.798401
I receieved 3 0 -1
Node 3: reached (600, 800), setting next waypoint (1000, 800)
AdvertiseUDP (broadcast)
timestamp:  2025-05-11 22:07:48.809798
I receieved 3 0 -1
Node 3: distance to (1000, 800) is 320.00, not updating
AdvertiseUDP (broadcast)
timestamp:  2025-05-11 22:07:49.822659
I receieved 3 0 -1
I receieved 4 0 -1
Node 3: distance to (1000, 800) is 256.00, not updating
AdvertiseUDP (broadcast)
timestamp:  2025-05-11 22:07:50.832577
I receieved 3 0 -1
I receieved 4 0 -1
Node 3: distance to (1000, 800) is 176.00, not updating
AdvertiseUDP (broadcast)
timestamp:  2025-05-11 22:07:51.841222
I receieved 3 0 -1
Node 3: distance to (1000, 800) is 96.00, not updating
AdvertiseUDP (broadcast)
timestamp:  2025-05-11 22:07:52.850176
I receieved 3 0 -1
Node 3: distance to (1000, 800) is 16.00, not updating
AdvertiseUDP (broadcast)
timestamp:  2025-05-11 22:07:53.857921
I receieved 3 0 -1
Node 3: reached (1000, 800), setting next waypoint (1200, 600)
AdvertiseUDP (broadcast)
timestamp:  2025-05-11 22:07:54.870516
I receieved 3 0 -1
Node 3: distance to (1200, 600) is 202.84, not updating
AdvertiseUDP (broadcast)
timestamp:  2025-05-11 22:07:55.878271
I receieved 3 0 -1
Node 3: distance to (1200, 600) is 138.84, not updating
AdvertiseUDP (broadcast)
timestamp:  2025-05-11 22:07:56.886917
I receieved 3 0 -1
Node 3: distance to (1200, 600) is 58.84, not updating
AdvertiseUDP (broadcast)
timestamp:  2025-05-11 22:07:57.894952
I receieved 3 0 -1
Node 3: distance to (1200, 600) is 10.84, not updating
AdvertiseUDP (broadcast)
timestamp:  2025-05-11 22:07:58.902699
I receieved 3 0 -1
Node 3: reached (1200, 600), setting next waypoint (1000, 400)
AdvertiseUDP (broadcast)
timestamp:  2025-05-11 22:07:59.916917
I receieved 3 0 -1
Node 3: distance to (1000, 400) is 202.89, not updating
AdvertiseUDP (broadcast)
timestamp:  2025-05-11 22:08:00.926627
I receieved 3 0 -1
Node 3: distance to (1000, 400) is 122.89, not updating
AdvertiseUDP (broadcast)
timestamp:  2025-05-11 22:08:01.937075
I receieved 3 0 -1
I receieved 1 1 4
Node 3: distance to (1000, 400) is 58.89, not updating
AdvertiseUDP (broadcast)
timestamp:  2025-05-11 22:08:02.944463
I receieved 3 0 4
Node 3: distance to (1000, 400) is 10.89, not updating
AdvertiseUDP (broadcast)
timestamp:  2025-05-11 22:08:03.953748
I receieved 3 0 4
Node 3: reached (1000, 400), setting next waypoint (600, 400)
AdvertiseUDP (broadcast)
timestamp:  2025-05-11 22:08:04.970419
I receieved 3 0 4
Node 3: distance to (600, 400) is 316.34, not updating
AdvertiseUDP (broadcast)
timestamp:  2025-05-11 22:08:05.980460
I receieved 3 0 4
Node 3: distance to (600, 400) is 236.34, not updating
AdvertiseUDP (broadcast)
timestamp:  2025-05-11 22:08:06.986818
I receieved 3 0 4
I receieved 4 0 4
Node 3: distance to (600, 400) is 156.34, not updating
AdvertiseUDP (broadcast)
timestamp:  2025-05-11 22:08:07.995539
I receieved 3 0 4
I receieved 4 0 4
Node 3: distance to (600, 400) is 92.34, not updating
AdvertiseUDP (broadcast)
timestamp:  2025-05-11 22:08:09.010249
I receieved 3 0 4
Node 3: distance to (600, 400) is 12.34, not updating
AdvertiseUDP (broadcast)
timestamp:  2025-05-11 22:08:10.023396
I receieved 3 0 4
Node 3: reached (600, 400), setting next waypoint (200, 400)
AdvertiseUDP (broadcast)
timestamp:  2025-05-11 22:08:11.037004
I receieved 3 0 4
Node 3: distance to (200, 400) is 316.34, not updating
AdvertiseUDP (broadcast)
timestamp:  2025-05-11 22:08:12.044998
I receieved 3 0 4
Node 3: distance to (200, 400) is 236.34, not updating
AdvertiseUDP (broadcast)
timestamp:  2025-05-11 22:08:13.053096
I receieved 3 0 4
Node 3: distance to (200, 400) is 156.34, not updating
AdvertiseUDP (broadcast)
timestamp:  2025-05-11 22:08:14.061853
I receieved 3 0 4
Node 3: distance to (200, 400) is 76.34, not updating
AdvertiseUDP (broadcast)
timestamp:  2025-05-11 22:08:15.070347
I receieved 3 0 4
Node 3: distance to (200, 400) is 12.34, not updating
AdvertiseUDP (broadcast)
timestamp:  2025-05-11 22:08:16.079976
I receieved 3 0 4
Node 3: reached (200, 400), setting next waypoint (350, 600)
AdvertiseUDP (broadcast)
timestamp:  2025-05-11 22:08:17.095188
I receieved 3 0 4
Node 3: distance to (350, 600) is 172.21, not updating
AdvertiseUDP (broadcast)
timestamp:  2025-05-11 22:08:18.102198
I receieved 3 0 4
Node 3: distance to (350, 600) is 92.21, not updating
AdvertiseUDP (broadcast)
timestamp:  2025-05-11 22:08:19.110672
I receieved 3 0 4
Node 3: distance to (350, 600) is 12.21, not updating
AdvertiseUDP (broadcast)
timestamp:  2025-05-11 22:08:20.119911
I receieved 3 0 4
I receieved 1 1 4
Node 3: reached (350, 600), setting next waypoint (600, 700)
AdvertiseUDP (broadcast)
timestamp:  2025-05-11 22:08:21.138796
I receieved 3 0 4
I receieved 1 1 4
Node 3: distance to (600, 700) is 202.01, not updating
AdvertiseUDP (broadcast)
timestamp:  2025-05-11 22:08:22.147323
I receieved 3 0 4
Node 3: distance to (600, 700) is 122.01, not updating
AdvertiseUDP (broadcast)
timestamp:  2025-05-11 22:08:23.154253
I receieved 3 0 4
Node 3: distance to (600, 700) is 42.01, not updating
AdvertiseUDP (broadcast)
timestamp:  2025-05-11 22:08:24.162172
I receieved 3 0 4
Node 3: reached (600, 700), setting next waypoint (200, 800)
AdvertiseUDP (broadcast)
timestamp:  2025-05-11 22:08:25.176716
I receieved 3 0 4
Node 3: distance to (200, 800) is 337.21, not updating
AdvertiseUDP (broadcast)
timestamp:  2025-05-11 22:08:26.184427
I receieved 3 0 4
Node 3: distance to (200, 800) is 257.21, not updating
AdvertiseUDP (broadcast)
timestamp:  2025-05-11 22:08:27.201155
I receieved 3 0 4
Node 3: distance to (200, 800) is 177.21, not updating
AdvertiseUDP (broadcast)
timestamp:  2025-05-11 22:08:28.209974
I receieved 3 0 4
Node 3: distance to (200, 800) is 113.21, not updating
AdvertiseUDP (broadcast)
timestamp:  2025-05-11 22:08:29.219415
I receieved 3 0 4
Node 3: distance to (200, 800) is 33.21, not updating
AdvertiseUDP (broadcast)
timestamp:  2025-05-11 22:08:30.228900
I receieved 3 0 4
Node 3: distance to (200, 800) is 14.79, not updating
AdvertiseUDP (broadcast)
timestamp:  2025-05-11 22:08:31.238147
I receieved 3 0 4
Node 3: reached (200, 800), setting next waypoint (600, 800)
AdvertiseUDP (broadcast)
timestamp:  2025-05-11 22:08:32.252701
I receieved 3 0 4
Node 3: distance to (600, 800) is 334.83, not updating
AdvertiseUDP (broadcast)
timestamp:  2025-05-11 22:08:33.269526
I receieved 3 0 4
Node 3: distance to (600, 800) is 254.83, not updating
AdvertiseUDP (broadcast)
timestamp:  2025-05-11 22:08:34.281393
I receieved 3 0 4
Node 3: distance to (600, 800) is 174.83, not updating
AdvertiseUDP (broadcast)
timestamp:  2025-05-11 22:08:35.288908
I receieved 3 0 4
Node 3: distance to (600, 800) is 94.83, not updating
AdvertiseUDP (broadcast)
timestamp:  2025-05-11 22:08:36.299757
I receieved 3 0 4
Node 3: distance to (600, 800) is 62.83, not updating
AdvertiseUDP (broadcast)
timestamp:  2025-05-11 22:08:37.317031
I receieved 3 0 4
vcmd[22913]: 22:08:38.138640 vcmd_ioerrorcb[vcmd_main.c:216]: i/o error
vcmd[22913]: 22:08:38.139892 vcmd_cmddonecb[vcmd_main.c:162]: unexpected termination status for command 0: 0xffffffff