Redeploy UAV
Node 4: distance to (1000, 800) is 206.00, not updating
AdvertiseUDP (broadcast)
timestamp:  2025-05-11 22:07:44.547941
I receieved 4 0 -1
Node 4: distance to (1000, 800) is 126.00, not updating
AdvertiseUDP (broadcast)
timestamp:  2025-05-11 22:07:45.566878
I receieved 4 0 -1
Node 4: distance to (1000, 800) is 46.00, not updating
AdvertiseUDP (broadcast)
timestamp:  2025-05-11 22:07:46.579118
I receieved 4 0 -1
Node 4: reached (1000, 800), setting next waypoint (600, 800)
AdvertiseUDP (broadcast)
timestamp:  2025-05-11 22:07:47.595081
I receieved 4 0 -1
Node 4: distance to (600, 800) is 318.00, not updating
AdvertiseUDP (broadcast)
timestamp:  2025-05-11 22:07:48.604914
I receieved 4 0 -1
Node 4: distance to (600, 800) is 238.00, not updating
AdvertiseUDP (broadcast)
timestamp:  2025-05-11 22:07:49.613108
I receieved 4 0 -1
Node 4: distance to (600, 800) is 158.00, not updating
AdvertiseUDP (broadcast)
timestamp:  2025-05-11 22:07:50.624209
I receieved 4 0 -1
I receieved 3 0 -1
Node 4: distance to (600, 800) is 78.00, not updating
AdvertiseUDP (broadcast)
timestamp:  2025-05-11 22:07:51.633376
I receieved 4 0 -1
Node 4: distance to (600, 800) is 14.00, not updating
AdvertiseUDP (broadcast)
timestamp:  2025-05-11 22:07:52.640448
I receieved 4 0 -1
Node 4: reached (600, 800), setting next waypoint (400, 600)
AdvertiseUDP (broadcast)
timestamp:  2025-05-11 22:07:53.653677
I receieved 4 0 -1
Node 4: distance to (400, 600) is 201.43, not updating
AdvertiseUDP (broadcast)
timestamp:  2025-05-11 22:07:54.664487
I receieved 4 0 -1
Node 4: distance to (400, 600) is 121.43, not updating
AdvertiseUDP (broadcast)
timestamp:  2025-05-11 22:07:55.673777
I receieved 4 0 -1
Node 4: distance to (400, 600) is 41.43, not updating
AdvertiseUDP (broadcast)
timestamp:  2025-05-11 22:07:56.683592
I receieved 4 0 -1
Node 4: reached (400, 600), setting next waypoint (600, 400)
AdvertiseUDP (broadcast)
timestamp:  2025-05-11 22:07:57.697502
I receieved 4 0 -1
Node 4: distance to (600, 400) is 218.89, not updating
AdvertiseUDP (broadcast)
timestamp:  2025-05-11 22:07:58.707613
I receieved 4 0 -1
I receieved 2 0 4
Node 4: distance to (600, 400) is 138.89, not updating
AdvertiseUDP (broadcast)
timestamp:  2025-05-11 22:07:59.717919
I receieved 4 0 4
I receieved 2 0 4
Node 4: distance to (600, 400) is 58.89, not updating
AdvertiseUDP (broadcast)
timestamp:  2025-05-11 22:08:00.731223
I receieved 4 0 4
I receieved 2 0 4
Node 4: distance to (600, 400) is 10.89, not updating
AdvertiseUDP (broadcast)
timestamp:  2025-05-11 22:08:01.741369
I receieved 4 0 4
Node 4: distance to (600, 400) is 10.89, not updating
AdvertiseUDP (broadcast)
timestamp:  2025-05-11 22:08:02.753591
I receieved 4 0 4
Node 4: reached (600, 400), setting next waypoint (1000, 400)
AdvertiseUDP (broadcast)
timestamp:  2025-05-11 22:08:03.768707
I receieved 4 0 4
Node 4: distance to (1000, 400) is 316.32, not updating
AdvertiseUDP (broadcast)
timestamp:  2025-05-11 22:08:04.778879
I receieved 4 0 4
Node 4: distance to (1000, 400) is 236.32, not updating
AdvertiseUDP (broadcast)
timestamp:  2025-05-11 22:08:05.789477
I receieved 4 0 4
Node 4: distance to (1000, 400) is 156.32, not updating
AdvertiseUDP (broadcast)
timestamp:  2025-05-11 22:08:06.798954
I receieved 4 0 4
I receieved 3 0 4
Node 4: distance to (1000, 400) is 76.32, not updating
AdvertiseUDP (broadcast)
timestamp:  2025-05-11 22:08:07.809874
I receieved 4 0 4
Node 4: distance to (1000, 400) is 12.32, not updating
AdvertiseUDP (broadcast)
timestamp:  2025-05-11 22:08:08.823337
I receieved 4 0 4
Node 4: reached (1000, 400), setting next waypoint (1350, 400)
AdvertiseUDP (broadcast)
timestamp:  2025-05-11 22:08:09.837954
I receieved 4 0 4
Node 4: distance to (1350, 400) is 266.32, not updating
AdvertiseUDP (broadcast)
timestamp:  2025-05-11 22:08:10.848883
I receieved 4 0 4
Node 4: distance to (1350, 400) is 186.32, not updating
AdvertiseUDP (broadcast)
timestamp:  2025-05-11 22:08:11.858404
I receieved 4 0 4
Node 4: distance to (1350, 400) is 106.32, not updating
AdvertiseUDP (broadcast)
timestamp:  2025-05-11 22:08:12.867555
I receieved 4 0 4
Node 4: distance to (1350, 400) is 26.32, not updating
AdvertiseUDP (broadcast)
timestamp:  2025-05-11 22:08:13.876377
I receieved 4 0 4
Node 4: distance to (1350, 400) is 10.32, not updating
AdvertiseUDP (broadcast)
timestamp:  2025-05-11 22:08:14.884092
I receieved 4 0 4
Node 4: distance to (1350, 400) is 10.32, not updating
AdvertiseUDP (broadcast)
timestamp:  2025-05-11 22:08:15.894859
I receieved 4 0 4
I receieved 2 0 4
Node 4: reached (1350, 400), setting next waypoint (1200, 600)
AdvertiseUDP (broadcast)
timestamp:  2025-05-11 22:08:16.908007
I receieved 4 0 4
I receieved 2 0 4
Node 4: distance to (1200, 600) is 173.45, not updating
AdvertiseUDP (broadcast)
timestamp:  2025-05-11 22:08:17.917451
I receieved 4 0 4
I receieved 2 0 4
Node 4: distance to (1200, 600) is 93.45, not updating
AdvertiseUDP (broadcast)
timestamp:  2025-05-11 22:08:18.928318
I receieved 4 0 4
I receieved 2 0 4
Node 4: distance to (1200, 600) is 13.45, not updating
AdvertiseUDP (broadcast)
timestamp:  2025-05-11 22:08:19.939531
I receieved 4 0 4
Node 4: reached (1200, 600), setting next waypoint (800, 600)
AdvertiseUDP (broadcast)
timestamp:  2025-05-11 22:08:20.960267
I receieved 4 0 4
Node 4: distance to (800, 600) is 318.44, not updating
AdvertiseUDP (broadcast)
timestamp:  2025-05-11 22:08:21.970389
I receieved 4 0 4
Node 4: distance to (800, 600) is 254.44, not updating
AdvertiseUDP (broadcast)
timestamp:  2025-05-11 22:08:22.981171
I receieved 4 0 4
Node 4: distance to (800, 600) is 174.44, not updating
AdvertiseUDP (broadcast)
timestamp:  2025-05-11 22:08:23.991895
I receieved 4 0 4
Node 4: distance to (800, 600) is 94.44, not updating
AdvertiseUDP (broadcast)
timestamp:  2025-05-11 22:08:25.000524
I receieved 4 0 4
I receieved 1 1 4
My new buffer count is 1
Node 4: distance to (800, 600) is 14.44, not updating
AdvertiseUDP (broadcast)
timestamp:  2025-05-11 22:08:26.009232
I receieved 4 1 4
I receieved 1 1 4
Node 4: reached (800, 600), setting next waypoint (1000, 800)
AdvertiseUDP (broadcast)
timestamp:  2025-05-11 22:08:27.024550
I receieved 4 1 4
I receieved 1 1 4
Node 4: distance to (1000, 800) is 203.95, not updating
AdvertiseUDP (broadcast)
timestamp:  2025-05-11 22:08:28.032948
I receieved 4 1 4
Node 4: distance to (1000, 800) is 123.95, not updating
AdvertiseUDP (broadcast)
timestamp:  2025-05-11 22:08:29.044973
I receieved 4 1 4
Node 4: distance to (1000, 800) is 59.95, not updating
AdvertiseUDP (broadcast)
timestamp:  2025-05-11 22:08:30.055995
I receieved 4 1 4
Node 4: distance to (1000, 800) is 11.95, not updating
AdvertiseUDP (broadcast)
timestamp:  2025-05-11 22:08:31.067611
I receieved 4 1 4
Node 4: reached (1000, 800), setting next waypoint (1350, 800)
AdvertiseUDP (broadcast)
timestamp:  2025-05-11 22:08:32.081583
I receieved 4 1 4
Node 4: distance to (1350, 800) is 267.14, not updating
AdvertiseUDP (broadcast)
timestamp:  2025-05-11 22:08:33.098130
I receieved 4 1 4
Node 4: distance to (1350, 800) is 187.14, not updating
AdvertiseUDP (broadcast)
timestamp:  2025-05-11 22:08:34.118611
I receieved 4 1 4
Node 4: distance to (1350, 800) is 123.14, not updating
AdvertiseUDP (broadcast)
timestamp:  2025-05-11 22:08:35.129310
I receieved 4 1 4
Node 4: distance to (1350, 800) is 43.14, not updating
AdvertiseUDP (broadcast)
timestamp:  2025-05-11 22:08:36.142982
I receieved 4 1 4
Node 4: distance to (1350, 800) is 11.14, not updating
AdvertiseUDP (broadcast)
timestamp:  2025-05-11 22:08:37.162086
I receieved 4 1 4
Node 4: distance to (1350, 800) is 11.14, not updating
AdvertiseUDP (broadcast)
timestamp:  2025-05-11 22:08:38.190377
Traceback (most recent call last):
  File "/home/ee597/uav/workingCode/encounter.py", line 318, in <module>
    main()
  File "/home/ee597/uav/workingCode/encounter.py", line 305, in main
    SprayAndWaitAdvert()
  File "/home/ee597/uav/workingCode/encounter.py", line 222, in SprayAndWaitAdvert
    AdvertiseUDP(uavnode.nodeid, uavnode.bufferCount, destination)
  File "/home/ee597/uav/workingCode/encounter.py", line 119, in AdvertiseUDP
    sk.sendto(buf.encode(encoding='utf-8',errors='strict'), ('255.255.255.255', port))
OSError: [Errno 101] Network is unreachable
vcmd[22914]: 22:08:38.310271 vcmd_ioerrorcb[vcmd_main.c:216]: i/o error
vcmd[22914]: 22:08:38.310609 vcmd_cmddonecb[vcmd_main.c:162]: unexpected termination status for command 0: 0xffffffff