Redeploy UAV
Node 2: distance to (1000, 200) is 190.00, not updating
AdvertiseUDP (broadcast)
timestamp:  2025-05-11 22:07:44.755616
I receieved 2 0 -1
Node 2: distance to (1000, 200) is 110.00, not updating
AdvertiseUDP (broadcast)
timestamp:  2025-05-11 22:07:45.770514
I receieved 2 0 -1
Node 2: distance to (1000, 200) is 30.00, not updating
AdvertiseUDP (broadcast)
timestamp:  2025-05-11 22:07:46.781454
I receieved 2 0 -1
Node 2: reached (1000, 200), setting next waypoint (600, 200)
AdvertiseUDP (broadcast)
timestamp:  2025-05-11 22:07:47.796020
I receieved 2 0 -1
Node 2: distance to (600, 200) is 318.00, not updating
AdvertiseUDP (broadcast)
timestamp:  2025-05-11 22:07:48.805103
I receieved 2 0 -1
Node 2: distance to (600, 200) is 238.00, not updating
AdvertiseUDP (broadcast)
timestamp:  2025-05-11 22:07:49.818921
I receieved 2 0 -1
I receieved 1 1 4
Node 2: distance to (600, 200) is 158.00, not updating
AdvertiseUDP (broadcast)
timestamp:  2025-05-11 22:07:50.828006
I receieved 2 0 4
Node 2: distance to (600, 200) is 94.00, not updating
AdvertiseUDP (broadcast)
timestamp:  2025-05-11 22:07:51.835993
I receieved 2 0 4
Node 2: distance to (600, 200) is 14.00, not updating
AdvertiseUDP (broadcast)
timestamp:  2025-05-11 22:07:52.845102
I receieved 2 0 4
Node 2: reached (600, 200), setting next waypoint (400, 400)
AdvertiseUDP (broadcast)
timestamp:  2025-05-11 22:07:53.856967
I receieved 2 0 4
Node 2: distance to (400, 400) is 201.43, not updating
AdvertiseUDP (broadcast)
timestamp:  2025-05-11 22:07:54.864626
I receieved 2 0 4
Node 2: distance to (400, 400) is 121.43, not updating
AdvertiseUDP (broadcast)
timestamp:  2025-05-11 22:07:55.873341
I receieved 2 0 4
Node 2: distance to (400, 400) is 41.43, not updating
AdvertiseUDP (broadcast)
timestamp:  2025-05-11 22:07:56.888882
I receieved 2 0 4
Node 2: reached (400, 400), setting next waypoint (600, 600)
AdvertiseUDP (broadcast)
timestamp:  2025-05-11 22:07:57.903948
I receieved 2 0 4
Node 2: distance to (600, 600) is 218.89, not updating
AdvertiseUDP (broadcast)
timestamp:  2025-05-11 22:07:58.912522
I receieved 2 0 4
I receieved 4 0 4
Node 2: distance to (600, 600) is 138.89, not updating
AdvertiseUDP (broadcast)
timestamp:  2025-05-11 22:07:59.920467
I receieved 2 0 4
Node 2: distance to (600, 600) is 58.89, not updating
AdvertiseUDP (broadcast)
timestamp:  2025-05-11 22:08:00.926935
I receieved 2 0 4
I receieved 4 0 4
Node 2: distance to (600, 600) is 10.89, not updating
AdvertiseUDP (broadcast)
timestamp:  2025-05-11 22:08:01.936848
I receieved 2 0 4
Node 2: reached (600, 600), setting next waypoint (1000, 600)
AdvertiseUDP (broadcast)
timestamp:  2025-05-11 22:08:02.950802
I receieved 2 0 4
Node 2: distance to (1000, 600) is 332.32, not updating
AdvertiseUDP (broadcast)
timestamp:  2025-05-11 22:08:03.960636
I receieved 2 0 4
Node 2: distance to (1000, 600) is 252.32, not updating
AdvertiseUDP (broadcast)
timestamp:  2025-05-11 22:08:04.968516
I receieved 2 0 4
Node 2: distance to (1000, 600) is 172.32, not updating
AdvertiseUDP (broadcast)
timestamp:  2025-05-11 22:08:05.975752
I receieved 2 0 4
I receieved 1 1 4
Node 2: distance to (1000, 600) is 92.32, not updating
AdvertiseUDP (broadcast)
timestamp:  2025-05-11 22:08:06.984061
I receieved 2 0 4
I receieved 1 1 4
Node 2: distance to (1000, 600) is 12.32, not updating
AdvertiseUDP (broadcast)
timestamp:  2025-05-11 22:08:07.996163
I receieved 2 0 4
Node 2: reached (1000, 600), setting next waypoint (1350, 600)
AdvertiseUDP (broadcast)
timestamp:  2025-05-11 22:08:09.017832
I receieved 2 0 4
Node 2: distance to (1350, 600) is 282.32, not updating
AdvertiseUDP (broadcast)
timestamp:  2025-05-11 22:08:10.027536
I receieved 2 0 4
Node 2: distance to (1350, 600) is 202.32, not updating
AdvertiseUDP (broadcast)
timestamp:  2025-05-11 22:08:11.037522
I receieved 2 0 4
Node 2: distance to (1350, 600) is 122.32, not updating
AdvertiseUDP (broadcast)
timestamp:  2025-05-11 22:08:12.044889
I receieved 2 0 4
Node 2: distance to (1350, 600) is 42.32, not updating
AdvertiseUDP (broadcast)
timestamp:  2025-05-11 22:08:13.054519
I receieved 2 0 4
Node 2: reached (1350, 600), setting next waypoint (1200, 400)
AdvertiseUDP (broadcast)
timestamp:  2025-05-11 22:08:14.066393
I receieved 2 0 4
Node 2: distance to (1200, 400) is 173.45, not updating
AdvertiseUDP (broadcast)
timestamp:  2025-05-11 22:08:15.075665
I receieved 2 0 4
Node 2: distance to (1200, 400) is 93.45, not updating
AdvertiseUDP (broadcast)
timestamp:  2025-05-11 22:08:16.084095
I receieved 2 0 4
I receieved 4 0 4
Node 2: distance to (1200, 400) is 13.45, not updating
AdvertiseUDP (broadcast)
timestamp:  2025-05-11 22:08:17.092043
I receieved 2 0 4
I receieved 4 0 4
Node 2: distance to (1200, 400) is 13.45, not updating
AdvertiseUDP (broadcast)
timestamp:  2025-05-11 22:08:18.102130
I receieved 2 0 4
I receieved 4 0 4
Node 2: reached (1200, 400), setting next waypoint (1000, 200)
AdvertiseUDP (broadcast)
timestamp:  2025-05-11 22:08:19.114862
I receieved 2 0 4
I receieved 4 0 4
Node 2: distance to (1000, 200) is 200.31, not updating
AdvertiseUDP (broadcast)
timestamp:  2025-05-11 22:08:20.122592
I receieved 2 0 4
Node 2: distance to (1000, 200) is 120.31, not updating
AdvertiseUDP (broadcast)
timestamp:  2025-05-11 22:08:21.132908
I receieved 2 0 4
Node 2: distance to (1000, 200) is 40.31, not updating
AdvertiseUDP (broadcast)
timestamp:  2025-05-11 22:08:22.142645
I receieved 2 0 4
Node 2: reached (1000, 200), setting next waypoint (1350, 200)
AdvertiseUDP (broadcast)
timestamp:  2025-05-11 22:08:23.153896
I receieved 2 0 4
Node 2: distance to (1350, 200) is 275.48, not updating
AdvertiseUDP (broadcast)
timestamp:  2025-05-11 22:08:24.164448
I receieved 2 0 4
Node 2: distance to (1350, 200) is 195.48, not updating
AdvertiseUDP (broadcast)
timestamp:  2025-05-11 22:08:25.173883
I receieved 2 0 4
Node 2: distance to (1350, 200) is 131.48, not updating
AdvertiseUDP (broadcast)
timestamp:  2025-05-11 22:08:26.183455
I receieved 2 0 4
Node 2: distance to (1350, 200) is 51.48, not updating
AdvertiseUDP (broadcast)
timestamp:  2025-05-11 22:08:27.193583
I receieved 2 0 4
Node 2: reached (1350, 200), setting next waypoint (1000, 200)
AdvertiseUDP (broadcast)
timestamp:  2025-05-11 22:08:28.209915
I receieved 2 0 4
Node 2: distance to (1000, 200) is 266.52, not updating
AdvertiseUDP (broadcast)
timestamp:  2025-05-11 22:08:29.219980
I receieved 2 0 4
Node 2: distance to (1000, 200) is 186.52, not updating
AdvertiseUDP (broadcast)
timestamp:  2025-05-11 22:08:30.228035
I receieved 2 0 4
Node 2: distance to (1000, 200) is 106.52, not updating
AdvertiseUDP (broadcast)
timestamp:  2025-05-11 22:08:31.238148
I receieved 2 0 4
Node 2: distance to (1000, 200) is 26.52, not updating
AdvertiseUDP (broadcast)
timestamp:  2025-05-11 22:08:32.247013
I receieved 2 0 4
Node 2: reached (1000, 200), setting next waypoint (600, 200)
AdvertiseUDP (broadcast)
timestamp:  2025-05-11 22:08:33.270135
I receieved 2 0 4
Node 2: distance to (600, 200) is 314.52, not updating
AdvertiseUDP (broadcast)
timestamp:  2025-05-11 22:08:34.282715
I receieved 2 0 4
Node 2: distance to (600, 200) is 234.52, not updating
AdvertiseUDP (broadcast)
timestamp:  2025-05-11 22:08:35.290372
I receieved 2 0 4
Node 2: distance to (600, 200) is 154.52, not updating
AdvertiseUDP (broadcast)
timestamp:  2025-05-11 22:08:36.299726
I receieved 2 0 4
Node 2: distance to (600, 200) is 138.52, not updating
AdvertiseUDP (broadcast)
timestamp:  2025-05-11 22:08:37.317397
I receieved 2 0 4
Node 2: distance to (600, 200) is 138.52, not updating
AdvertiseUDP (broadcast)
timestamp:  2025-05-11 22:08:38.329097
Traceback (most recent call last):
  File "/home/ee597/uav/workingCode/encounter.py", line 318, in <module>
    main()
  File "/home/ee597/uav/workingCode/encounter.py", line 305, in main
    SprayAndWaitAdvert()
  File "/home/ee597/uav/workingCode/encounter.py", line 222, in SprayAndWaitAdvert
    AdvertiseUDP(uavnode.nodeid, uavnode.bufferCount, destination)
  File "/home/ee597/uav/workingCode/encounter.py", line 119, in AdvertiseUDP
    sk.sendto(buf.encode(encoding='utf-8',errors='strict'), ('255.255.255.255', port))
OSError: [Errno 101] Network is unreachable
vcmd[22912]: 22:08:38.446399 vcmd_ioerrorcb[vcmd_main.c:216]: i/o error
vcmd[22912]: 22:08:38.448409 vcmd_cmddonecb[vcmd_main.c:162]: unexpected termination status for command 0: 0xffffffff